[0.012s] Invoking command in '/home/dika/Documents/ROS2_LEARN/build/bumperbot_navigation': CMAKE_PREFIX_PATH=${CMAKE_PREFIX_PATH}:/opt/ros/humble CONDA_PROMPT_MODIFIER=(base) /usr/bin/cmake /home/dika/Documents/ROS2_LEARN/src/bumperbot_navigation -DCMAKE_INSTALL_PREFIX=/home/dika/Documents/ROS2_LEARN/install/bumperbot_navigation
[0.093s] -- The C compiler identification is GNU 11.4.0
[0.170s] -- The CXX compiler identification is GNU 11.4.0
[0.176s] -- Detecting C compiler ABI info
[0.243s] -- Detecting C compiler ABI info - done
[0.248s] -- Check for working C compiler: /usr/bin/cc - skipped
[0.248s] -- Detecting C compile features
[0.249s] -- Detecting C compile features - done
[0.251s] -- Detecting CXX compiler ABI info
[0.318s] -- Detecting CXX compiler ABI info - done
[0.325s] -- Check for working CXX compiler: /usr/bin/c++ - skipped
[0.325s] -- Detecting CXX compile features
[0.325s] -- Detecting CXX compile features - done
[0.328s] -- Found ament_cmake: 1.3.11 (/opt/ros/humble/share/ament_cmake/cmake)
[0.668s] -- Found Python3: /home/dika/miniconda3/bin/python3 (found version "3.12.9") found components: Interpreter 
[0.766s] -- Found nav2_msgs: 1.1.18 (/opt/ros/humble/share/nav2_msgs/cmake)
[0.810s] -- Found rosidl_generator_c: 3.1.6 (/opt/ros/humble/share/rosidl_generator_c/cmake)
[0.816s] -- Found rosidl_adapter: 3.1.6 (/opt/ros/humble/share/rosidl_adapter/cmake)
[0.827s] -- Found rosidl_generator_cpp: 3.1.6 (/opt/ros/humble/share/rosidl_generator_cpp/cmake)
[0.842s] -- Using all available rosidl_typesupport_c: rosidl_typesupport_fastrtps_c;rosidl_typesupport_introspection_c
[0.859s] -- Using all available rosidl_typesupport_cpp: rosidl_typesupport_fastrtps_cpp;rosidl_typesupport_introspection_cpp
[0.961s] -- Found ament_lint_auto: 0.12.12 (/opt/ros/humble/share/ament_lint_auto/cmake)
[1.064s] -- Added test 'flake8' to check Python code syntax and style conventions
[1.064s] -- Added test 'lint_cmake' to check CMake code style
[1.064s] -- Added test 'pep257' to check Python code against some of the docstring style conventions in PEP 257
[1.065s] -- Added test 'xmllint' to check XML markup files
[1.065s] -- Configuring done
[1.068s] -- Generating done
[1.069s] -- Build files have been written to: /home/dika/Documents/ROS2_LEARN/build/bumperbot_navigation
[1.086s] Invoked command in '/home/dika/Documents/ROS2_LEARN/build/bumperbot_navigation' returned '0': CMAKE_PREFIX_PATH=${CMAKE_PREFIX_PATH}:/opt/ros/humble CONDA_PROMPT_MODIFIER=(base) /usr/bin/cmake /home/dika/Documents/ROS2_LEARN/src/bumperbot_navigation -DCMAKE_INSTALL_PREFIX=/home/dika/Documents/ROS2_LEARN/install/bumperbot_navigation
[1.090s] Invoking command in '/home/dika/Documents/ROS2_LEARN/build/bumperbot_navigation': CMAKE_PREFIX_PATH=${CMAKE_PREFIX_PATH}:/opt/ros/humble CONDA_PROMPT_MODIFIER=(base) /usr/bin/cmake --build /home/dika/Documents/ROS2_LEARN/build/bumperbot_navigation -- -j12 -l12
[1.119s] Invoked command in '/home/dika/Documents/ROS2_LEARN/build/bumperbot_navigation' returned '0': CMAKE_PREFIX_PATH=${CMAKE_PREFIX_PATH}:/opt/ros/humble CONDA_PROMPT_MODIFIER=(base) /usr/bin/cmake --build /home/dika/Documents/ROS2_LEARN/build/bumperbot_navigation -- -j12 -l12
[1.120s] Invoking command in '/home/dika/Documents/ROS2_LEARN/build/bumperbot_navigation': CMAKE_PREFIX_PATH=${CMAKE_PREFIX_PATH}:/opt/ros/humble CONDA_PROMPT_MODIFIER=(base) /usr/bin/cmake --install /home/dika/Documents/ROS2_LEARN/build/bumperbot_navigation
[1.130s] -- Install configuration: ""
[1.130s] -- Installing: /home/dika/Documents/ROS2_LEARN/install/bumperbot_navigation/share/bumperbot_navigation/launch
[1.130s] -- Installing: /home/dika/Documents/ROS2_LEARN/install/bumperbot_navigation/share/bumperbot_navigation/launch/localization.launch.py
[1.130s] -- Installing: /home/dika/Documents/ROS2_LEARN/install/bumperbot_navigation/share/bumperbot_navigation/launch/navigation.launch.py
[1.130s] -- Installing: /home/dika/Documents/ROS2_LEARN/install/bumperbot_navigation/share/bumperbot_navigation/config
[1.130s] -- Installing: /home/dika/Documents/ROS2_LEARN/install/bumperbot_navigation/share/bumperbot_navigation/config/nav2_param.yaml
[1.131s] -- Installing: /home/dika/Documents/ROS2_LEARN/install/bumperbot_navigation/share/bumperbot_navigation/config/slam_toolbox.yaml
[1.131s] -- Installing: /home/dika/Documents/ROS2_LEARN/install/bumperbot_navigation/share/bumperbot_navigation/map
[1.131s] -- Installing: /home/dika/Documents/ROS2_LEARN/install/bumperbot_navigation/share/bumperbot_navigation/map/map.data
[1.136s] -- Installing: /home/dika/Documents/ROS2_LEARN/install/bumperbot_navigation/share/bumperbot_navigation/map/map.yaml
[1.136s] -- Installing: /home/dika/Documents/ROS2_LEARN/install/bumperbot_navigation/share/bumperbot_navigation/map/map.pgm
[1.136s] -- Installing: /home/dika/Documents/ROS2_LEARN/install/bumperbot_navigation/share/bumperbot_navigation/map/map.posegraph
[1.148s] -- Installing: /home/dika/Documents/ROS2_LEARN/install/bumperbot_navigation/include/include
[1.148s] -- Installing: /home/dika/Documents/ROS2_LEARN/install/bumperbot_navigation/share/ament_index/resource_index/package_run_dependencies/bumperbot_navigation
[1.148s] -- Installing: /home/dika/Documents/ROS2_LEARN/install/bumperbot_navigation/share/ament_index/resource_index/parent_prefix_path/bumperbot_navigation
[1.148s] -- Installing: /home/dika/Documents/ROS2_LEARN/install/bumperbot_navigation/share/bumperbot_navigation/environment/ament_prefix_path.sh
[1.148s] -- Installing: /home/dika/Documents/ROS2_LEARN/install/bumperbot_navigation/share/bumperbot_navigation/environment/ament_prefix_path.dsv
[1.148s] -- Installing: /home/dika/Documents/ROS2_LEARN/install/bumperbot_navigation/share/bumperbot_navigation/environment/path.sh
[1.148s] -- Installing: /home/dika/Documents/ROS2_LEARN/install/bumperbot_navigation/share/bumperbot_navigation/environment/path.dsv
[1.148s] -- Installing: /home/dika/Documents/ROS2_LEARN/install/bumperbot_navigation/share/bumperbot_navigation/local_setup.bash
[1.148s] -- Installing: /home/dika/Documents/ROS2_LEARN/install/bumperbot_navigation/share/bumperbot_navigation/local_setup.sh
[1.148s] -- Installing: /home/dika/Documents/ROS2_LEARN/install/bumperbot_navigation/share/bumperbot_navigation/local_setup.zsh
[1.148s] -- Installing: /home/dika/Documents/ROS2_LEARN/install/bumperbot_navigation/share/bumperbot_navigation/local_setup.dsv
[1.148s] -- Installing: /home/dika/Documents/ROS2_LEARN/install/bumperbot_navigation/share/bumperbot_navigation/package.dsv
[1.148s] -- Installing: /home/dika/Documents/ROS2_LEARN/install/bumperbot_navigation/share/ament_index/resource_index/packages/bumperbot_navigation
[1.148s] -- Installing: /home/dika/Documents/ROS2_LEARN/install/bumperbot_navigation/share/bumperbot_navigation/cmake/bumperbot_navigationConfig.cmake
[1.148s] -- Installing: /home/dika/Documents/ROS2_LEARN/install/bumperbot_navigation/share/bumperbot_navigation/cmake/bumperbot_navigationConfig-version.cmake
[1.148s] -- Installing: /home/dika/Documents/ROS2_LEARN/install/bumperbot_navigation/share/bumperbot_navigation/package.xml
[1.151s] Invoked command in '/home/dika/Documents/ROS2_LEARN/build/bumperbot_navigation' returned '0': CMAKE_PREFIX_PATH=${CMAKE_PREFIX_PATH}:/opt/ros/humble CONDA_PROMPT_MODIFIER=(base) /usr/bin/cmake --install /home/dika/Documents/ROS2_LEARN/build/bumperbot_navigation
