[35m[1mConsolidate compiler generated dependencies of target bumperbot_controller[0m
[100%] Built target bumperbot_controller
-- Install configuration: ""
-- Up-to-date: /home/dika/Documents/ROS2_LEARN/install/bumperbot_controller/include/include
-- Up-to-date: /home/dika/Documents/ROS2_LEARN/install/bumperbot_controller/include/include/dif_kinematic.hpp
-- Up-to-date: /home/dika/Documents/ROS2_LEARN/install/bumperbot_controller/lib/bumperbot_controller/bumperbot_controller
-- Up-to-date: /home/dika/Documents/ROS2_LEARN/install/bumperbot_controller/share/bumperbot_controller/launch
-- Up-to-date: /home/dika/Documents/ROS2_LEARN/install/bumperbot_controller/share/bumperbot_controller/launch/keytwist.launch.py
-- Up-to-date: /home/dika/Documents/ROS2_LEARN/install/bumperbot_controller/share/bumperbot_controller/launch/controller.launch.py
-- Up-to-date: /home/dika/Documents/ROS2_LEARN/install/bumperbot_controller/share/bumperbot_controller/launch/joystick.launch.py
-- Up-to-date: /home/dika/Documents/ROS2_LEARN/install/bumperbot_controller/share/bumperbot_controller/config
-- Up-to-date: /home/dika/Documents/ROS2_LEARN/install/bumperbot_controller/share/bumperbot_controller/config/joystick.yaml
-- Up-to-date: /home/dika/Documents/ROS2_LEARN/install/bumperbot_controller/share/bumperbot_controller/config/ros2_control.yaml
-- Up-to-date: /home/dika/Documents/ROS2_LEARN/install/bumperbot_controller/share/ament_index/resource_index/package_run_dependencies/bumperbot_controller
-- Up-to-date: /home/dika/Documents/ROS2_LEARN/install/bumperbot_controller/share/ament_index/resource_index/parent_prefix_path/bumperbot_controller
-- Up-to-date: /home/dika/Documents/ROS2_LEARN/install/bumperbot_controller/share/bumperbot_controller/environment/ament_prefix_path.sh
-- Up-to-date: /home/dika/Documents/ROS2_LEARN/install/bumperbot_controller/share/bumperbot_controller/environment/ament_prefix_path.dsv
-- Up-to-date: /home/dika/Documents/ROS2_LEARN/install/bumperbot_controller/share/bumperbot_controller/environment/path.sh
-- Up-to-date: /home/dika/Documents/ROS2_LEARN/install/bumperbot_controller/share/bumperbot_controller/environment/path.dsv
-- Up-to-date: /home/dika/Documents/ROS2_LEARN/install/bumperbot_controller/share/bumperbot_controller/local_setup.bash
-- Up-to-date: /home/dika/Documents/ROS2_LEARN/install/bumperbot_controller/share/bumperbot_controller/local_setup.sh
-- Up-to-date: /home/dika/Documents/ROS2_LEARN/install/bumperbot_controller/share/bumperbot_controller/local_setup.zsh
-- Up-to-date: /home/dika/Documents/ROS2_LEARN/install/bumperbot_controller/share/bumperbot_controller/local_setup.dsv
-- Installing: /home/dika/Documents/ROS2_LEARN/install/bumperbot_controller/share/bumperbot_controller/package.dsv
-- Up-to-date: /home/dika/Documents/ROS2_LEARN/install/bumperbot_controller/share/ament_index/resource_index/packages/bumperbot_controller
-- Up-to-date: /home/dika/Documents/ROS2_LEARN/install/bumperbot_controller/share/bumperbot_controller/cmake/bumperbot_controllerConfig.cmake
-- Up-to-date: /home/dika/Documents/ROS2_LEARN/install/bumperbot_controller/share/bumperbot_controller/cmake/bumperbot_controllerConfig-version.cmake
-- Up-to-date: /home/dika/Documents/ROS2_LEARN/install/bumperbot_controller/share/bumperbot_controller/package.xml
