[0.015s] Invoking command in '/home/dika/Documents/ROS2_LEARN/build/bumperbot_controller': CMAKE_PREFIX_PATH=${CMAKE_PREFIX_PATH}:/opt/ros/humble CONDA_PROMPT_MODIFIER=(base) /usr/bin/cmake --build /home/dika/Documents/ROS2_LEARN/build/bumperbot_controller -- -j12 -l12
[0.047s] [35m[1mConsolidate compiler generated dependencies of target bumperbot_controller[0m
[0.062s] [100%] Built target bumperbot_controller
[0.070s] Invoked command in '/home/dika/Documents/ROS2_LEARN/build/bumperbot_controller' returned '0': CMAKE_PREFIX_PATH=${CMAKE_PREFIX_PATH}:/opt/ros/humble CONDA_PROMPT_MODIFIER=(base) /usr/bin/cmake --build /home/dika/Documents/ROS2_LEARN/build/bumperbot_controller -- -j12 -l12
[0.072s] Invoking command in '/home/dika/Documents/ROS2_LEARN/build/bumperbot_controller': CMAKE_PREFIX_PATH=${CMAKE_PREFIX_PATH}:/opt/ros/humble CONDA_PROMPT_MODIFIER=(base) /usr/bin/cmake --install /home/dika/Documents/ROS2_LEARN/build/bumperbot_controller
[0.089s] -- Install configuration: ""
[0.089s] -- Up-to-date: /home/dika/Documents/ROS2_LEARN/install/bumperbot_controller/include/include
[0.090s] -- Up-to-date: /home/dika/Documents/ROS2_LEARN/install/bumperbot_controller/include/include/dif_kinematic.hpp
[0.091s] -- Up-to-date: /home/dika/Documents/ROS2_LEARN/install/bumperbot_controller/lib/bumperbot_controller/bumperbot_controller
[0.091s] -- Up-to-date: /home/dika/Documents/ROS2_LEARN/install/bumperbot_controller/share/bumperbot_controller/launch
[0.091s] -- Up-to-date: /home/dika/Documents/ROS2_LEARN/install/bumperbot_controller/share/bumperbot_controller/launch/keytwist.launch.py
[0.091s] -- Up-to-date: /home/dika/Documents/ROS2_LEARN/install/bumperbot_controller/share/bumperbot_controller/launch/controller.launch.py
[0.091s] -- Up-to-date: /home/dika/Documents/ROS2_LEARN/install/bumperbot_controller/share/bumperbot_controller/launch/joystick.launch.py
[0.091s] -- Up-to-date: /home/dika/Documents/ROS2_LEARN/install/bumperbot_controller/share/bumperbot_controller/config
[0.091s] -- Up-to-date: /home/dika/Documents/ROS2_LEARN/install/bumperbot_controller/share/bumperbot_controller/config/joystick.yaml
[0.091s] -- Up-to-date: /home/dika/Documents/ROS2_LEARN/install/bumperbot_controller/share/bumperbot_controller/config/ros2_control.yaml
[0.091s] -- Up-to-date: /home/dika/Documents/ROS2_LEARN/install/bumperbot_controller/share/ament_index/resource_index/package_run_dependencies/bumperbot_controller
[0.091s] -- Up-to-date: /home/dika/Documents/ROS2_LEARN/install/bumperbot_controller/share/ament_index/resource_index/parent_prefix_path/bumperbot_controller
[0.091s] -- Up-to-date: /home/dika/Documents/ROS2_LEARN/install/bumperbot_controller/share/bumperbot_controller/environment/ament_prefix_path.sh
[0.091s] -- Up-to-date: /home/dika/Documents/ROS2_LEARN/install/bumperbot_controller/share/bumperbot_controller/environment/ament_prefix_path.dsv
[0.091s] -- Up-to-date: /home/dika/Documents/ROS2_LEARN/install/bumperbot_controller/share/bumperbot_controller/environment/path.sh
[0.091s] -- Up-to-date: /home/dika/Documents/ROS2_LEARN/install/bumperbot_controller/share/bumperbot_controller/environment/path.dsv
[0.092s] -- Up-to-date: /home/dika/Documents/ROS2_LEARN/install/bumperbot_controller/share/bumperbot_controller/local_setup.bash
[0.092s] -- Up-to-date: /home/dika/Documents/ROS2_LEARN/install/bumperbot_controller/share/bumperbot_controller/local_setup.sh
[0.092s] -- Up-to-date: /home/dika/Documents/ROS2_LEARN/install/bumperbot_controller/share/bumperbot_controller/local_setup.zsh
[0.092s] -- Up-to-date: /home/dika/Documents/ROS2_LEARN/install/bumperbot_controller/share/bumperbot_controller/local_setup.dsv
[0.092s] -- Installing: /home/dika/Documents/ROS2_LEARN/install/bumperbot_controller/share/bumperbot_controller/package.dsv
[0.092s] -- Up-to-date: /home/dika/Documents/ROS2_LEARN/install/bumperbot_controller/share/ament_index/resource_index/packages/bumperbot_controller
[0.092s] -- Up-to-date: /home/dika/Documents/ROS2_LEARN/install/bumperbot_controller/share/bumperbot_controller/cmake/bumperbot_controllerConfig.cmake
[0.092s] -- Up-to-date: /home/dika/Documents/ROS2_LEARN/install/bumperbot_controller/share/bumperbot_controller/cmake/bumperbot_controllerConfig-version.cmake
[0.092s] -- Up-to-date: /home/dika/Documents/ROS2_LEARN/install/bumperbot_controller/share/bumperbot_controller/package.xml
[0.132s] Invoked command in '/home/dika/Documents/ROS2_LEARN/build/bumperbot_controller' returned '0': CMAKE_PREFIX_PATH=${CMAKE_PREFIX_PATH}:/opt/ros/humble CONDA_PROMPT_MODIFIER=(base) /usr/bin/cmake --install /home/dika/Documents/ROS2_LEARN/build/bumperbot_controller
