-- The C compiler identification is GNU 11.4.0
-- The CXX compiler identification is GNU 11.4.0
-- Detecting C compiler ABI info
-- Detecting C compiler ABI info - done
-- Check for working C compiler: /usr/bin/cc - skipped
-- Detecting C compile features
-- Detecting C compile features - done
-- Detecting CXX compiler ABI info
-- Detecting CXX compiler ABI info - done
-- Check for working CXX compiler: /usr/bin/c++ - skipped
-- Detecting CXX compile features
-- Detecting CXX compile features - done
-- Found ament_cmake: 1.3.11 (/opt/ros/humble/share/ament_cmake/cmake)
-- Found Python3: /home/dika/miniconda3/bin/python3 (found version "3.12.9") found components: Interpreter 
-- Found rclcpp: 16.0.12 (/opt/ros/humble/share/rclcpp/cmake)
-- Found rosidl_generator_c: 3.1.6 (/opt/ros/humble/share/rosidl_generator_c/cmake)
-- Found rosidl_adapter: 3.1.6 (/opt/ros/humble/share/rosidl_adapter/cmake)
-- Found rosidl_generator_cpp: 3.1.6 (/opt/ros/humble/share/rosidl_generator_cpp/cmake)
-- Using all available rosidl_typesupport_c: rosidl_typesupport_fastrtps_c;rosidl_typesupport_introspection_c
-- Using all available rosidl_typesupport_cpp: rosidl_typesupport_fastrtps_cpp;rosidl_typesupport_introspection_cpp
-- Found rmw_implementation_cmake: 6.1.2 (/opt/ros/humble/share/rmw_implementation_cmake/cmake)
-- Found rmw_fastrtps_cpp: 6.2.7 (/opt/ros/humble/share/rmw_fastrtps_cpp/cmake)
-- Found OpenSSL: /usr/lib/x86_64-linux-gnu/libcrypto.so (found version "3.0.2")  
-- Found FastRTPS: /opt/ros/humble/include  
-- Using RMW implementation 'rmw_fastrtps_cpp' as default
-- Looking for pthread.h
-- Looking for pthread.h - found
-- Performing Test CMAKE_HAVE_LIBC_PTHREAD
-- Performing Test CMAKE_HAVE_LIBC_PTHREAD - Success
-- Found Threads: TRUE  
-- Found nav_msgs: 4.8.0 (/opt/ros/humble/share/nav_msgs/cmake)
-- Found sensor_msgs: 4.8.0 (/opt/ros/humble/share/sensor_msgs/cmake)
-- Found ament_lint_auto: 0.12.12 (/opt/ros/humble/share/ament_lint_auto/cmake)
-- Added test 'cppcheck' to perform static code analysis on C / C++ code
-- Configured cppcheck include dirs: /home/dika/Documents/ROS2_LEARN/src/bumperbot_localization/include
-- Configured cppcheck exclude dirs and/or files: 
-- Added test 'flake8' to check Python code syntax and style conventions
-- Added test 'lint_cmake' to check CMake code style
-- Added test 'pep257' to check Python code against some of the docstring style conventions in PEP 257
-- Added test 'uncrustify' to check C / C++ code style
-- Configured uncrustify additional arguments: 
-- Added test 'xmllint' to check XML markup files
-- Configuring done
-- Generating done
-- Build files have been written to: /home/dika/Documents/ROS2_LEARN/build/bumperbot_localization
[ 25%] [32mBuilding CXX object CMakeFiles/odom_republisher.dir/src/odom_republisher.cpp.o[0m
[ 50%] [32mBuilding CXX object CMakeFiles/imu_republish.dir/src/imu_republisher.cpp.o[0m
[ 75%] [32m[1mLinking CXX executable odom_republisher[0m
[100%] [32m[1mLinking CXX executable imu_republish[0m
[100%] Built target odom_republisher
[100%] Built target imu_republish
-- Install configuration: ""
-- Installing: /home/dika/Documents/ROS2_LEARN/install/bumperbot_localization/include/include
-- Installing: /home/dika/Documents/ROS2_LEARN/install/bumperbot_localization/include/include/odom_republisher.hpp
-- Installing: /home/dika/Documents/ROS2_LEARN/install/bumperbot_localization/lib/bumperbot_localization/imu_republish
-- Set runtime path of "/home/dika/Documents/ROS2_LEARN/install/bumperbot_localization/lib/bumperbot_localization/imu_republish" to ""
-- Installing: /home/dika/Documents/ROS2_LEARN/install/bumperbot_localization/lib/bumperbot_localization/odom_republisher
-- Set runtime path of "/home/dika/Documents/ROS2_LEARN/install/bumperbot_localization/lib/bumperbot_localization/odom_republisher" to ""
-- Installing: /home/dika/Documents/ROS2_LEARN/install/bumperbot_localization/share/bumperbot_localization/launch
-- Installing: /home/dika/Documents/ROS2_LEARN/install/bumperbot_localization/share/bumperbot_localization/launch/test_localization.launch.py
-- Installing: /home/dika/Documents/ROS2_LEARN/install/bumperbot_localization/share/bumperbot_localization/config
-- Installing: /home/dika/Documents/ROS2_LEARN/install/bumperbot_localization/share/bumperbot_localization/config/ekf.yaml
-- Installing: /home/dika/Documents/ROS2_LEARN/install/bumperbot_localization/share/ament_index/resource_index/package_run_dependencies/bumperbot_localization
-- Installing: /home/dika/Documents/ROS2_LEARN/install/bumperbot_localization/share/ament_index/resource_index/parent_prefix_path/bumperbot_localization
-- Installing: /home/dika/Documents/ROS2_LEARN/install/bumperbot_localization/share/bumperbot_localization/environment/ament_prefix_path.sh
-- Installing: /home/dika/Documents/ROS2_LEARN/install/bumperbot_localization/share/bumperbot_localization/environment/ament_prefix_path.dsv
-- Installing: /home/dika/Documents/ROS2_LEARN/install/bumperbot_localization/share/bumperbot_localization/environment/path.sh
-- Installing: /home/dika/Documents/ROS2_LEARN/install/bumperbot_localization/share/bumperbot_localization/environment/path.dsv
-- Installing: /home/dika/Documents/ROS2_LEARN/install/bumperbot_localization/share/bumperbot_localization/local_setup.bash
-- Installing: /home/dika/Documents/ROS2_LEARN/install/bumperbot_localization/share/bumperbot_localization/local_setup.sh
-- Installing: /home/dika/Documents/ROS2_LEARN/install/bumperbot_localization/share/bumperbot_localization/local_setup.zsh
-- Installing: /home/dika/Documents/ROS2_LEARN/install/bumperbot_localization/share/bumperbot_localization/local_setup.dsv
-- Installing: /home/dika/Documents/ROS2_LEARN/install/bumperbot_localization/share/bumperbot_localization/package.dsv
-- Installing: /home/dika/Documents/ROS2_LEARN/install/bumperbot_localization/share/ament_index/resource_index/packages/bumperbot_localization
-- Installing: /home/dika/Documents/ROS2_LEARN/install/bumperbot_localization/share/bumperbot_localization/cmake/bumperbot_localizationConfig.cmake
-- Installing: /home/dika/Documents/ROS2_LEARN/install/bumperbot_localization/share/bumperbot_localization/cmake/bumperbot_localizationConfig-version.cmake
-- Installing: /home/dika/Documents/ROS2_LEARN/install/bumperbot_localization/share/bumperbot_localization/package.xml
