[0.012s] Invoking command in '/home/dika/Documents/ROS2_LEARN/build/bumperbot_localization': CMAKE_PREFIX_PATH=${CMAKE_PREFIX_PATH}:/opt/ros/humble CONDA_PROMPT_MODIFIER=(base) /usr/bin/cmake /home/dika/Documents/ROS2_LEARN/src/bumperbot_localization -DCMAKE_INSTALL_PREFIX=/home/dika/Documents/ROS2_LEARN/install/bumperbot_localization
[0.094s] -- The C compiler identification is GNU 11.4.0
[0.163s] -- The CXX compiler identification is GNU 11.4.0
[0.171s] -- Detecting C compiler ABI info
[0.228s] -- Detecting C compiler ABI info - done
[0.235s] -- Check for working C compiler: /usr/bin/cc - skipped
[0.235s] -- Detecting C compile features
[0.235s] -- Detecting C compile features - done
[0.238s] -- Detecting CXX compiler ABI info
[0.304s] -- Detecting CXX compiler ABI info - done
[0.312s] -- Check for working CXX compiler: /usr/bin/c++ - skipped
[0.312s] -- Detecting CXX compile features
[0.313s] -- Detecting CXX compile features - done
[0.316s] -- Found ament_cmake: 1.3.11 (/opt/ros/humble/share/ament_cmake/cmake)
[0.701s] -- Found Python3: /home/dika/miniconda3/bin/python3 (found version "3.12.9") found components: Interpreter 
[0.791s] -- Found rclcpp: 16.0.12 (/opt/ros/humble/share/rclcpp/cmake)
[0.823s] -- Found rosidl_generator_c: 3.1.6 (/opt/ros/humble/share/rosidl_generator_c/cmake)
[0.827s] -- Found rosidl_adapter: 3.1.6 (/opt/ros/humble/share/rosidl_adapter/cmake)
[0.833s] -- Found rosidl_generator_cpp: 3.1.6 (/opt/ros/humble/share/rosidl_generator_cpp/cmake)
[0.843s] -- Using all available rosidl_typesupport_c: rosidl_typesupport_fastrtps_c;rosidl_typesupport_introspection_c
[0.858s] -- Using all available rosidl_typesupport_cpp: rosidl_typesupport_fastrtps_cpp;rosidl_typesupport_introspection_cpp
[0.899s] -- Found rmw_implementation_cmake: 6.1.2 (/opt/ros/humble/share/rmw_implementation_cmake/cmake)
[0.903s] -- Found rmw_fastrtps_cpp: 6.2.7 (/opt/ros/humble/share/rmw_fastrtps_cpp/cmake)
[0.976s] -- Found OpenSSL: /usr/lib/x86_64-linux-gnu/libcrypto.so (found version "3.0.2")  
[1.001s] -- Found FastRTPS: /opt/ros/humble/include  
[1.023s] -- Using RMW implementation 'rmw_fastrtps_cpp' as default
[1.031s] -- Looking for pthread.h
[1.104s] -- Looking for pthread.h - found
[1.105s] -- Performing Test CMAKE_HAVE_LIBC_PTHREAD
[1.167s] -- Performing Test CMAKE_HAVE_LIBC_PTHREAD - Success
[1.168s] -- Found Threads: TRUE  
[1.215s] -- Found nav_msgs: 4.8.0 (/opt/ros/humble/share/nav_msgs/cmake)
[1.238s] -- Found sensor_msgs: 4.8.0 (/opt/ros/humble/share/sensor_msgs/cmake)
[1.256s] -- Found ament_lint_auto: 0.12.12 (/opt/ros/humble/share/ament_lint_auto/cmake)
[1.342s] -- Added test 'cppcheck' to perform static code analysis on C / C++ code
[1.342s] -- Configured cppcheck include dirs: /home/dika/Documents/ROS2_LEARN/src/bumperbot_localization/include
[1.342s] -- Configured cppcheck exclude dirs and/or files: 
[1.343s] -- Added test 'flake8' to check Python code syntax and style conventions
[1.343s] -- Added test 'lint_cmake' to check CMake code style
[1.343s] -- Added test 'pep257' to check Python code against some of the docstring style conventions in PEP 257
[1.344s] -- Added test 'uncrustify' to check C / C++ code style
[1.344s] -- Configured uncrustify additional arguments: 
[1.344s] -- Added test 'xmllint' to check XML markup files
[1.345s] -- Configuring done
[1.354s] -- Generating done
[1.357s] -- Build files have been written to: /home/dika/Documents/ROS2_LEARN/build/bumperbot_localization
[1.366s] Invoked command in '/home/dika/Documents/ROS2_LEARN/build/bumperbot_localization' returned '0': CMAKE_PREFIX_PATH=${CMAKE_PREFIX_PATH}:/opt/ros/humble CONDA_PROMPT_MODIFIER=(base) /usr/bin/cmake /home/dika/Documents/ROS2_LEARN/src/bumperbot_localization -DCMAKE_INSTALL_PREFIX=/home/dika/Documents/ROS2_LEARN/install/bumperbot_localization
[1.367s] Invoking command in '/home/dika/Documents/ROS2_LEARN/build/bumperbot_localization': CMAKE_PREFIX_PATH=${CMAKE_PREFIX_PATH}:/opt/ros/humble CONDA_PROMPT_MODIFIER=(base) /usr/bin/cmake --build /home/dika/Documents/ROS2_LEARN/build/bumperbot_localization -- -j12 -l12
[1.403s] [ 25%] [32mBuilding CXX object CMakeFiles/odom_republisher.dir/src/odom_republisher.cpp.o[0m
[1.407s] [ 50%] [32mBuilding CXX object CMakeFiles/imu_republish.dir/src/imu_republisher.cpp.o[0m
[7.441s] [ 75%] [32m[1mLinking CXX executable odom_republisher[0m
[7.514s] [100%] [32m[1mLinking CXX executable imu_republish[0m
[7.752s] [100%] Built target odom_republisher
[7.809s] [100%] Built target imu_republish
[7.820s] Invoked command in '/home/dika/Documents/ROS2_LEARN/build/bumperbot_localization' returned '0': CMAKE_PREFIX_PATH=${CMAKE_PREFIX_PATH}:/opt/ros/humble CONDA_PROMPT_MODIFIER=(base) /usr/bin/cmake --build /home/dika/Documents/ROS2_LEARN/build/bumperbot_localization -- -j12 -l12
[7.823s] Invoking command in '/home/dika/Documents/ROS2_LEARN/build/bumperbot_localization': CMAKE_PREFIX_PATH=${CMAKE_PREFIX_PATH}:/opt/ros/humble CONDA_PROMPT_MODIFIER=(base) /usr/bin/cmake --install /home/dika/Documents/ROS2_LEARN/build/bumperbot_localization
[7.826s] -- Install configuration: ""
[7.826s] -- Installing: /home/dika/Documents/ROS2_LEARN/install/bumperbot_localization/include/include
[7.826s] -- Installing: /home/dika/Documents/ROS2_LEARN/install/bumperbot_localization/include/include/odom_republisher.hpp
[7.826s] -- Installing: /home/dika/Documents/ROS2_LEARN/install/bumperbot_localization/lib/bumperbot_localization/imu_republish
[7.828s] -- Set runtime path of "/home/dika/Documents/ROS2_LEARN/install/bumperbot_localization/lib/bumperbot_localization/imu_republish" to ""
[7.828s] -- Installing: /home/dika/Documents/ROS2_LEARN/install/bumperbot_localization/lib/bumperbot_localization/odom_republisher
[7.829s] -- Set runtime path of "/home/dika/Documents/ROS2_LEARN/install/bumperbot_localization/lib/bumperbot_localization/odom_republisher" to ""
[7.829s] -- Installing: /home/dika/Documents/ROS2_LEARN/install/bumperbot_localization/share/bumperbot_localization/launch
[7.829s] -- Installing: /home/dika/Documents/ROS2_LEARN/install/bumperbot_localization/share/bumperbot_localization/launch/test_localization.launch.py
[7.829s] -- Installing: /home/dika/Documents/ROS2_LEARN/install/bumperbot_localization/share/bumperbot_localization/config
[7.829s] -- Installing: /home/dika/Documents/ROS2_LEARN/install/bumperbot_localization/share/bumperbot_localization/config/ekf.yaml
[7.830s] -- Installing: /home/dika/Documents/ROS2_LEARN/install/bumperbot_localization/share/ament_index/resource_index/package_run_dependencies/bumperbot_localization
[7.830s] -- Installing: /home/dika/Documents/ROS2_LEARN/install/bumperbot_localization/share/ament_index/resource_index/parent_prefix_path/bumperbot_localization
[7.830s] -- Installing: /home/dika/Documents/ROS2_LEARN/install/bumperbot_localization/share/bumperbot_localization/environment/ament_prefix_path.sh
[7.830s] -- Installing: /home/dika/Documents/ROS2_LEARN/install/bumperbot_localization/share/bumperbot_localization/environment/ament_prefix_path.dsv
[7.830s] -- Installing: /home/dika/Documents/ROS2_LEARN/install/bumperbot_localization/share/bumperbot_localization/environment/path.sh
[7.830s] -- Installing: /home/dika/Documents/ROS2_LEARN/install/bumperbot_localization/share/bumperbot_localization/environment/path.dsv
[7.830s] -- Installing: /home/dika/Documents/ROS2_LEARN/install/bumperbot_localization/share/bumperbot_localization/local_setup.bash
[7.830s] -- Installing: /home/dika/Documents/ROS2_LEARN/install/bumperbot_localization/share/bumperbot_localization/local_setup.sh
[7.830s] -- Installing: /home/dika/Documents/ROS2_LEARN/install/bumperbot_localization/share/bumperbot_localization/local_setup.zsh
[7.830s] -- Installing: /home/dika/Documents/ROS2_LEARN/install/bumperbot_localization/share/bumperbot_localization/local_setup.dsv
[7.830s] -- Installing: /home/dika/Documents/ROS2_LEARN/install/bumperbot_localization/share/bumperbot_localization/package.dsv
[7.830s] -- Installing: /home/dika/Documents/ROS2_LEARN/install/bumperbot_localization/share/ament_index/resource_index/packages/bumperbot_localization
[7.830s] -- Installing: /home/dika/Documents/ROS2_LEARN/install/bumperbot_localization/share/bumperbot_localization/cmake/bumperbot_localizationConfig.cmake
[7.830s] -- Installing: /home/dika/Documents/ROS2_LEARN/install/bumperbot_localization/share/bumperbot_localization/cmake/bumperbot_localizationConfig-version.cmake
[7.830s] -- Installing: /home/dika/Documents/ROS2_LEARN/install/bumperbot_localization/share/bumperbot_localization/package.xml
[7.832s] Invoked command in '/home/dika/Documents/ROS2_LEARN/build/bumperbot_localization' returned '0': CMAKE_PREFIX_PATH=${CMAKE_PREFIX_PATH}:/opt/ros/humble CONDA_PROMPT_MODIFIER=(base) /usr/bin/cmake --install /home/dika/Documents/ROS2_LEARN/build/bumperbot_localization
