[0.061s] DEBUG:colcon:Command line arguments: ['/usr/bin/colcon', 'build']
[0.061s] DEBUG:colcon:Parsed command line arguments: Namespace(log_base=None, log_level=None, verb_name='build', build_base='build', install_base='install', merge_install=False, symlink_install=False, test_result_base=None, continue_on_error=False, executor='parallel', parallel_workers=12, event_handlers=None, ignore_user_meta=False, metas=['./colcon.meta'], base_paths=['.'], packages_ignore=None, packages_ignore_regex=None, paths=None, packages_up_to=None, packages_up_to_regex=None, packages_above=None, packages_above_and_dependencies=None, packages_above_depth=None, packages_select_by_dep=None, packages_skip_by_dep=None, packages_skip_up_to=None, packages_select_build_failed=False, packages_skip_build_finished=False, packages_select_test_failures=False, packages_skip_test_passed=False, packages_select=None, packages_skip=None, packages_select_regex=None, packages_skip_regex=None, packages_start=None, packages_end=None, allow_overriding=[], cmake_args=None, cmake_target=None, cmake_target_skip_unavailable=False, cmake_clean_cache=False, cmake_clean_first=False, cmake_force_configure=False, ament_cmake_args=None, catkin_cmake_args=None, catkin_skip_building_tests=False, mixin_files=None, mixin=None, verb_parser=<colcon_mixin.mixin.mixin_argument.MixinArgumentDecorator object at 0x717ee4ec0c40>, verb_extension=<colcon_core.verb.build.BuildVerb object at 0x717ee4ec0700>, main=<bound method BuildVerb.main of <colcon_core.verb.build.BuildVerb object at 0x717ee4ec0700>>, mixin_verb=('build',))
[0.181s] Level 1:colcon.colcon_core.package_discovery:discover_packages(colcon_meta) check parameters
[0.182s] Level 1:colcon.colcon_core.package_discovery:discover_packages(recursive) check parameters
[0.182s] Level 1:colcon.colcon_core.package_discovery:discover_packages(ignore) check parameters
[0.182s] Level 1:colcon.colcon_core.package_discovery:discover_packages(path) check parameters
[0.182s] Level 1:colcon.colcon_core.package_discovery:discover_packages(colcon_meta) discover
[0.182s] Level 1:colcon.colcon_core.package_discovery:discover_packages(recursive) discover
[0.182s] INFO:colcon.colcon_core.package_discovery:Crawling recursively for packages in '/home/dika/Documents/ROS2_LEARN'
[0.182s] Level 1:colcon.colcon_core.package_identification:_identify(.) by extensions ['ignore', 'ignore_ament_install']
[0.182s] Level 1:colcon.colcon_core.package_identification:_identify(.) by extension 'ignore'
[0.182s] Level 1:colcon.colcon_core.package_identification:_identify(.) by extension 'ignore_ament_install'
[0.182s] Level 1:colcon.colcon_core.package_identification:_identify(.) by extensions ['colcon_pkg']
[0.182s] Level 1:colcon.colcon_core.package_identification:_identify(.) by extension 'colcon_pkg'
[0.182s] Level 1:colcon.colcon_core.package_identification:_identify(.) by extensions ['colcon_meta']
[0.182s] Level 1:colcon.colcon_core.package_identification:_identify(.) by extension 'colcon_meta'
[0.182s] Level 1:colcon.colcon_core.package_identification:_identify(.) by extensions ['ros']
[0.182s] Level 1:colcon.colcon_core.package_identification:_identify(.) by extension 'ros'
[0.188s] Level 1:colcon.colcon_core.package_identification:_identify(.) by extensions ['cmake', 'python']
[0.188s] Level 1:colcon.colcon_core.package_identification:_identify(.) by extension 'cmake'
[0.188s] Level 1:colcon.colcon_core.package_identification:_identify(.) by extension 'python'
[0.188s] Level 1:colcon.colcon_core.package_identification:_identify(.) by extensions ['python_setup_py']
[0.188s] Level 1:colcon.colcon_core.package_identification:_identify(.) by extension 'python_setup_py'
[0.188s] Level 1:colcon.colcon_core.package_identification:_identify(build) by extensions ['ignore', 'ignore_ament_install']
[0.188s] Level 1:colcon.colcon_core.package_identification:_identify(build) by extension 'ignore'
[0.189s] Level 1:colcon.colcon_core.package_identification:_identify(build) ignored
[0.189s] Level 1:colcon.colcon_core.package_identification:_identify(install) by extensions ['ignore', 'ignore_ament_install']
[0.189s] Level 1:colcon.colcon_core.package_identification:_identify(install) by extension 'ignore'
[0.189s] Level 1:colcon.colcon_core.package_identification:_identify(install) ignored
[0.189s] Level 1:colcon.colcon_core.package_identification:_identify(log) by extensions ['ignore', 'ignore_ament_install']
[0.189s] Level 1:colcon.colcon_core.package_identification:_identify(log) by extension 'ignore'
[0.189s] Level 1:colcon.colcon_core.package_identification:_identify(log) ignored
[0.189s] Level 1:colcon.colcon_core.package_identification:_identify(src) by extensions ['ignore', 'ignore_ament_install']
[0.189s] Level 1:colcon.colcon_core.package_identification:_identify(src) by extension 'ignore'
[0.189s] Level 1:colcon.colcon_core.package_identification:_identify(src) by extension 'ignore_ament_install'
[0.189s] Level 1:colcon.colcon_core.package_identification:_identify(src) by extensions ['colcon_pkg']
[0.189s] Level 1:colcon.colcon_core.package_identification:_identify(src) by extension 'colcon_pkg'
[0.189s] Level 1:colcon.colcon_core.package_identification:_identify(src) by extensions ['colcon_meta']
[0.189s] Level 1:colcon.colcon_core.package_identification:_identify(src) by extension 'colcon_meta'
[0.189s] Level 1:colcon.colcon_core.package_identification:_identify(src) by extensions ['ros']
[0.189s] Level 1:colcon.colcon_core.package_identification:_identify(src) by extension 'ros'
[0.189s] Level 1:colcon.colcon_core.package_identification:_identify(src) by extensions ['cmake', 'python']
[0.189s] Level 1:colcon.colcon_core.package_identification:_identify(src) by extension 'cmake'
[0.189s] Level 1:colcon.colcon_core.package_identification:_identify(src) by extension 'python'
[0.189s] Level 1:colcon.colcon_core.package_identification:_identify(src) by extensions ['python_setup_py']
[0.189s] Level 1:colcon.colcon_core.package_identification:_identify(src) by extension 'python_setup_py'
[0.189s] Level 1:colcon.colcon_core.package_identification:_identify(src/bumperbot_controller) by extensions ['ignore', 'ignore_ament_install']
[0.189s] Level 1:colcon.colcon_core.package_identification:_identify(src/bumperbot_controller) by extension 'ignore'
[0.189s] Level 1:colcon.colcon_core.package_identification:_identify(src/bumperbot_controller) by extension 'ignore_ament_install'
[0.189s] Level 1:colcon.colcon_core.package_identification:_identify(src/bumperbot_controller) by extensions ['colcon_pkg']
[0.189s] Level 1:colcon.colcon_core.package_identification:_identify(src/bumperbot_controller) by extension 'colcon_pkg'
[0.189s] Level 1:colcon.colcon_core.package_identification:_identify(src/bumperbot_controller) by extensions ['colcon_meta']
[0.189s] Level 1:colcon.colcon_core.package_identification:_identify(src/bumperbot_controller) by extension 'colcon_meta'
[0.189s] Level 1:colcon.colcon_core.package_identification:_identify(src/bumperbot_controller) by extensions ['ros']
[0.189s] Level 1:colcon.colcon_core.package_identification:_identify(src/bumperbot_controller) by extension 'ros'
[0.191s] DEBUG:colcon.colcon_core.package_identification:Package 'src/bumperbot_controller' with type 'ros.ament_cmake' and name 'bumperbot_controller'
[0.191s] Level 1:colcon.colcon_core.package_identification:_identify(src/bumperbot_description) by extensions ['ignore', 'ignore_ament_install']
[0.191s] Level 1:colcon.colcon_core.package_identification:_identify(src/bumperbot_description) by extension 'ignore'
[0.191s] Level 1:colcon.colcon_core.package_identification:_identify(src/bumperbot_description) by extension 'ignore_ament_install'
[0.191s] Level 1:colcon.colcon_core.package_identification:_identify(src/bumperbot_description) by extensions ['colcon_pkg']
[0.191s] Level 1:colcon.colcon_core.package_identification:_identify(src/bumperbot_description) by extension 'colcon_pkg'
[0.191s] Level 1:colcon.colcon_core.package_identification:_identify(src/bumperbot_description) by extensions ['colcon_meta']
[0.191s] Level 1:colcon.colcon_core.package_identification:_identify(src/bumperbot_description) by extension 'colcon_meta'
[0.191s] Level 1:colcon.colcon_core.package_identification:_identify(src/bumperbot_description) by extensions ['ros']
[0.191s] Level 1:colcon.colcon_core.package_identification:_identify(src/bumperbot_description) by extension 'ros'
[0.192s] DEBUG:colcon.colcon_core.package_identification:Package 'src/bumperbot_description' with type 'ros.ament_cmake' and name 'bumperbot_description'
[0.192s] Level 1:colcon.colcon_core.package_identification:_identify(src/bumperbot_localization) by extensions ['ignore', 'ignore_ament_install']
[0.192s] Level 1:colcon.colcon_core.package_identification:_identify(src/bumperbot_localization) by extension 'ignore'
[0.192s] Level 1:colcon.colcon_core.package_identification:_identify(src/bumperbot_localization) by extension 'ignore_ament_install'
[0.192s] Level 1:colcon.colcon_core.package_identification:_identify(src/bumperbot_localization) by extensions ['colcon_pkg']
[0.192s] Level 1:colcon.colcon_core.package_identification:_identify(src/bumperbot_localization) by extension 'colcon_pkg'
[0.192s] Level 1:colcon.colcon_core.package_identification:_identify(src/bumperbot_localization) by extensions ['colcon_meta']
[0.192s] Level 1:colcon.colcon_core.package_identification:_identify(src/bumperbot_localization) by extension 'colcon_meta'
[0.192s] Level 1:colcon.colcon_core.package_identification:_identify(src/bumperbot_localization) by extensions ['ros']
[0.192s] Level 1:colcon.colcon_core.package_identification:_identify(src/bumperbot_localization) by extension 'ros'
[0.192s] DEBUG:colcon.colcon_core.package_identification:Package 'src/bumperbot_localization' with type 'ros.ament_cmake' and name 'bumperbot_localization'
[0.192s] Level 1:colcon.colcon_core.package_identification:_identify(src/bumperbot_navigation) by extensions ['ignore', 'ignore_ament_install']
[0.192s] Level 1:colcon.colcon_core.package_identification:_identify(src/bumperbot_navigation) by extension 'ignore'
[0.192s] Level 1:colcon.colcon_core.package_identification:_identify(src/bumperbot_navigation) by extension 'ignore_ament_install'
[0.192s] Level 1:colcon.colcon_core.package_identification:_identify(src/bumperbot_navigation) by extensions ['colcon_pkg']
[0.192s] Level 1:colcon.colcon_core.package_identification:_identify(src/bumperbot_navigation) by extension 'colcon_pkg'
[0.192s] Level 1:colcon.colcon_core.package_identification:_identify(src/bumperbot_navigation) by extensions ['colcon_meta']
[0.192s] Level 1:colcon.colcon_core.package_identification:_identify(src/bumperbot_navigation) by extension 'colcon_meta'
[0.192s] Level 1:colcon.colcon_core.package_identification:_identify(src/bumperbot_navigation) by extensions ['ros']
[0.192s] Level 1:colcon.colcon_core.package_identification:_identify(src/bumperbot_navigation) by extension 'ros'
[0.193s] DEBUG:colcon.colcon_core.package_identification:Package 'src/bumperbot_navigation' with type 'ros.ament_cmake' and name 'bumperbot_navigation'
[0.193s] Level 1:colcon.colcon_core.package_identification:_identify(src/ros2_cpp_example) by extensions ['ignore', 'ignore_ament_install']
[0.193s] Level 1:colcon.colcon_core.package_identification:_identify(src/ros2_cpp_example) by extension 'ignore'
[0.193s] Level 1:colcon.colcon_core.package_identification:_identify(src/ros2_cpp_example) by extension 'ignore_ament_install'
[0.193s] Level 1:colcon.colcon_core.package_identification:_identify(src/ros2_cpp_example) by extensions ['colcon_pkg']
[0.193s] Level 1:colcon.colcon_core.package_identification:_identify(src/ros2_cpp_example) by extension 'colcon_pkg'
[0.193s] Level 1:colcon.colcon_core.package_identification:_identify(src/ros2_cpp_example) by extensions ['colcon_meta']
[0.193s] Level 1:colcon.colcon_core.package_identification:_identify(src/ros2_cpp_example) by extension 'colcon_meta'
[0.193s] Level 1:colcon.colcon_core.package_identification:_identify(src/ros2_cpp_example) by extensions ['ros']
[0.193s] Level 1:colcon.colcon_core.package_identification:_identify(src/ros2_cpp_example) by extension 'ros'
[0.193s] DEBUG:colcon.colcon_core.package_identification:Package 'src/ros2_cpp_example' with type 'ros.ament_cmake' and name 'ros2_cpp_example'
[0.194s] Level 1:colcon.colcon_core.package_discovery:discover_packages(recursive) using defaults
[0.194s] Level 1:colcon.colcon_core.package_discovery:discover_packages(ignore) discover
[0.194s] Level 1:colcon.colcon_core.package_discovery:discover_packages(ignore) using defaults
[0.194s] Level 1:colcon.colcon_core.package_discovery:discover_packages(path) discover
[0.194s] Level 1:colcon.colcon_core.package_discovery:discover_packages(path) using defaults
[0.206s] Level 1:colcon.colcon_core.package_discovery:discover_packages(prefix_path) check parameters
[0.206s] Level 1:colcon.colcon_core.package_discovery:discover_packages(prefix_path) discover
[0.206s] WARNING:colcon.colcon_ros.prefix_path.ament:The path '/home/dika/Documents/ROS2_LEARN/install/ros2_cpp_example' in the environment variable AMENT_PREFIX_PATH doesn't exist
[0.206s] WARNING:colcon.colcon_ros.prefix_path.ament:The path '/home/dika/Documents/ROS2_LEARN/install/bumperbot_navigation' in the environment variable AMENT_PREFIX_PATH doesn't exist
[0.206s] WARNING:colcon.colcon_ros.prefix_path.ament:The path '/home/dika/Documents/ROS2_LEARN/install/bumperbot_localization' in the environment variable AMENT_PREFIX_PATH doesn't exist
[0.206s] WARNING:colcon.colcon_ros.prefix_path.ament:The path '/home/dika/Documents/ROS2_LEARN/install/bumperbot_description' in the environment variable AMENT_PREFIX_PATH doesn't exist
[0.206s] WARNING:colcon.colcon_ros.prefix_path.ament:The path '/home/dika/Documents/ROS2_LEARN/install/bumperbot_controller' in the environment variable AMENT_PREFIX_PATH doesn't exist
[0.206s] WARNING:colcon.colcon_ros.prefix_path.catkin:The path '/home/dika/Documents/ROS2_LEARN/install/ros2_cpp_example' in the environment variable CMAKE_PREFIX_PATH doesn't exist
[0.206s] WARNING:colcon.colcon_ros.prefix_path.catkin:The path '/home/dika/Documents/ROS2_LEARN/install/bumperbot_navigation' in the environment variable CMAKE_PREFIX_PATH doesn't exist
[0.206s] WARNING:colcon.colcon_ros.prefix_path.catkin:The path '/home/dika/Documents/ROS2_LEARN/install/bumperbot_localization' in the environment variable CMAKE_PREFIX_PATH doesn't exist
[0.206s] WARNING:colcon.colcon_ros.prefix_path.catkin:The path '/home/dika/Documents/ROS2_LEARN/install/bumperbot_description' in the environment variable CMAKE_PREFIX_PATH doesn't exist
[0.206s] WARNING:colcon.colcon_ros.prefix_path.catkin:The path '/home/dika/Documents/ROS2_LEARN/install/bumperbot_controller' in the environment variable CMAKE_PREFIX_PATH doesn't exist
[0.207s] DEBUG:colcon.colcon_installed_package_information.package_discovery:Found 0 installed packages in /home/dika/Documents/ROS2_LEARN/install
[0.207s] DEBUG:colcon.colcon_installed_package_information.package_discovery:Found 411 installed packages in /opt/ros/humble
[0.209s] Level 1:colcon.colcon_core.package_discovery:discover_packages(prefix_path) using defaults
[0.234s] Level 5:colcon.colcon_core.verb:set package 'bumperbot_controller' build argument 'cmake_args' from command line to 'None'
[0.234s] Level 5:colcon.colcon_core.verb:set package 'bumperbot_controller' build argument 'cmake_target' from command line to 'None'
[0.234s] Level 5:colcon.colcon_core.verb:set package 'bumperbot_controller' build argument 'cmake_target_skip_unavailable' from command line to 'False'
[0.234s] Level 5:colcon.colcon_core.verb:set package 'bumperbot_controller' build argument 'cmake_clean_cache' from command line to 'False'
[0.234s] Level 5:colcon.colcon_core.verb:set package 'bumperbot_controller' build argument 'cmake_clean_first' from command line to 'False'
[0.234s] Level 5:colcon.colcon_core.verb:set package 'bumperbot_controller' build argument 'cmake_force_configure' from command line to 'False'
[0.234s] Level 5:colcon.colcon_core.verb:set package 'bumperbot_controller' build argument 'ament_cmake_args' from command line to 'None'
[0.234s] Level 5:colcon.colcon_core.verb:set package 'bumperbot_controller' build argument 'catkin_cmake_args' from command line to 'None'
[0.234s] Level 5:colcon.colcon_core.verb:set package 'bumperbot_controller' build argument 'catkin_skip_building_tests' from command line to 'False'
[0.234s] DEBUG:colcon.colcon_core.verb:Building package 'bumperbot_controller' with the following arguments: {'ament_cmake_args': None, 'build_base': '/home/dika/Documents/ROS2_LEARN/build/bumperbot_controller', 'catkin_cmake_args': None, 'catkin_skip_building_tests': False, 'cmake_args': None, 'cmake_clean_cache': False, 'cmake_clean_first': False, 'cmake_force_configure': False, 'cmake_target': None, 'cmake_target_skip_unavailable': False, 'install_base': '/home/dika/Documents/ROS2_LEARN/install/bumperbot_controller', 'merge_install': False, 'path': '/home/dika/Documents/ROS2_LEARN/src/bumperbot_controller', 'symlink_install': False, 'test_result_base': None}
[0.235s] Level 5:colcon.colcon_core.verb:set package 'bumperbot_description' build argument 'cmake_args' from command line to 'None'
[0.235s] Level 5:colcon.colcon_core.verb:set package 'bumperbot_description' build argument 'cmake_target' from command line to 'None'
[0.235s] Level 5:colcon.colcon_core.verb:set package 'bumperbot_description' build argument 'cmake_target_skip_unavailable' from command line to 'False'
[0.235s] Level 5:colcon.colcon_core.verb:set package 'bumperbot_description' build argument 'cmake_clean_cache' from command line to 'False'
[0.235s] Level 5:colcon.colcon_core.verb:set package 'bumperbot_description' build argument 'cmake_clean_first' from command line to 'False'
[0.235s] Level 5:colcon.colcon_core.verb:set package 'bumperbot_description' build argument 'cmake_force_configure' from command line to 'False'
[0.235s] Level 5:colcon.colcon_core.verb:set package 'bumperbot_description' build argument 'ament_cmake_args' from command line to 'None'
[0.235s] Level 5:colcon.colcon_core.verb:set package 'bumperbot_description' build argument 'catkin_cmake_args' from command line to 'None'
[0.235s] Level 5:colcon.colcon_core.verb:set package 'bumperbot_description' build argument 'catkin_skip_building_tests' from command line to 'False'
[0.235s] DEBUG:colcon.colcon_core.verb:Building package 'bumperbot_description' with the following arguments: {'ament_cmake_args': None, 'build_base': '/home/dika/Documents/ROS2_LEARN/build/bumperbot_description', 'catkin_cmake_args': None, 'catkin_skip_building_tests': False, 'cmake_args': None, 'cmake_clean_cache': False, 'cmake_clean_first': False, 'cmake_force_configure': False, 'cmake_target': None, 'cmake_target_skip_unavailable': False, 'install_base': '/home/dika/Documents/ROS2_LEARN/install/bumperbot_description', 'merge_install': False, 'path': '/home/dika/Documents/ROS2_LEARN/src/bumperbot_description', 'symlink_install': False, 'test_result_base': None}
[0.235s] Level 5:colcon.colcon_core.verb:set package 'bumperbot_localization' build argument 'cmake_args' from command line to 'None'
[0.235s] Level 5:colcon.colcon_core.verb:set package 'bumperbot_localization' build argument 'cmake_target' from command line to 'None'
[0.235s] Level 5:colcon.colcon_core.verb:set package 'bumperbot_localization' build argument 'cmake_target_skip_unavailable' from command line to 'False'
[0.235s] Level 5:colcon.colcon_core.verb:set package 'bumperbot_localization' build argument 'cmake_clean_cache' from command line to 'False'
[0.235s] Level 5:colcon.colcon_core.verb:set package 'bumperbot_localization' build argument 'cmake_clean_first' from command line to 'False'
[0.235s] Level 5:colcon.colcon_core.verb:set package 'bumperbot_localization' build argument 'cmake_force_configure' from command line to 'False'
[0.235s] Level 5:colcon.colcon_core.verb:set package 'bumperbot_localization' build argument 'ament_cmake_args' from command line to 'None'
[0.235s] Level 5:colcon.colcon_core.verb:set package 'bumperbot_localization' build argument 'catkin_cmake_args' from command line to 'None'
[0.235s] Level 5:colcon.colcon_core.verb:set package 'bumperbot_localization' build argument 'catkin_skip_building_tests' from command line to 'False'
[0.235s] DEBUG:colcon.colcon_core.verb:Building package 'bumperbot_localization' with the following arguments: {'ament_cmake_args': None, 'build_base': '/home/dika/Documents/ROS2_LEARN/build/bumperbot_localization', 'catkin_cmake_args': None, 'catkin_skip_building_tests': False, 'cmake_args': None, 'cmake_clean_cache': False, 'cmake_clean_first': False, 'cmake_force_configure': False, 'cmake_target': None, 'cmake_target_skip_unavailable': False, 'install_base': '/home/dika/Documents/ROS2_LEARN/install/bumperbot_localization', 'merge_install': False, 'path': '/home/dika/Documents/ROS2_LEARN/src/bumperbot_localization', 'symlink_install': False, 'test_result_base': None}
[0.235s] Level 5:colcon.colcon_core.verb:set package 'bumperbot_navigation' build argument 'cmake_args' from command line to 'None'
[0.235s] Level 5:colcon.colcon_core.verb:set package 'bumperbot_navigation' build argument 'cmake_target' from command line to 'None'
[0.235s] Level 5:colcon.colcon_core.verb:set package 'bumperbot_navigation' build argument 'cmake_target_skip_unavailable' from command line to 'False'
[0.235s] Level 5:colcon.colcon_core.verb:set package 'bumperbot_navigation' build argument 'cmake_clean_cache' from command line to 'False'
[0.235s] Level 5:colcon.colcon_core.verb:set package 'bumperbot_navigation' build argument 'cmake_clean_first' from command line to 'False'
[0.235s] Level 5:colcon.colcon_core.verb:set package 'bumperbot_navigation' build argument 'cmake_force_configure' from command line to 'False'
[0.235s] Level 5:colcon.colcon_core.verb:set package 'bumperbot_navigation' build argument 'ament_cmake_args' from command line to 'None'
[0.235s] Level 5:colcon.colcon_core.verb:set package 'bumperbot_navigation' build argument 'catkin_cmake_args' from command line to 'None'
[0.235s] Level 5:colcon.colcon_core.verb:set package 'bumperbot_navigation' build argument 'catkin_skip_building_tests' from command line to 'False'
[0.235s] DEBUG:colcon.colcon_core.verb:Building package 'bumperbot_navigation' with the following arguments: {'ament_cmake_args': None, 'build_base': '/home/dika/Documents/ROS2_LEARN/build/bumperbot_navigation', 'catkin_cmake_args': None, 'catkin_skip_building_tests': False, 'cmake_args': None, 'cmake_clean_cache': False, 'cmake_clean_first': False, 'cmake_force_configure': False, 'cmake_target': None, 'cmake_target_skip_unavailable': False, 'install_base': '/home/dika/Documents/ROS2_LEARN/install/bumperbot_navigation', 'merge_install': False, 'path': '/home/dika/Documents/ROS2_LEARN/src/bumperbot_navigation', 'symlink_install': False, 'test_result_base': None}
[0.235s] Level 5:colcon.colcon_core.verb:set package 'ros2_cpp_example' build argument 'cmake_args' from command line to 'None'
[0.235s] Level 5:colcon.colcon_core.verb:set package 'ros2_cpp_example' build argument 'cmake_target' from command line to 'None'
[0.235s] Level 5:colcon.colcon_core.verb:set package 'ros2_cpp_example' build argument 'cmake_target_skip_unavailable' from command line to 'False'
[0.235s] Level 5:colcon.colcon_core.verb:set package 'ros2_cpp_example' build argument 'cmake_clean_cache' from command line to 'False'
[0.235s] Level 5:colcon.colcon_core.verb:set package 'ros2_cpp_example' build argument 'cmake_clean_first' from command line to 'False'
[0.235s] Level 5:colcon.colcon_core.verb:set package 'ros2_cpp_example' build argument 'cmake_force_configure' from command line to 'False'
[0.235s] Level 5:colcon.colcon_core.verb:set package 'ros2_cpp_example' build argument 'ament_cmake_args' from command line to 'None'
[0.235s] Level 5:colcon.colcon_core.verb:set package 'ros2_cpp_example' build argument 'catkin_cmake_args' from command line to 'None'
[0.235s] Level 5:colcon.colcon_core.verb:set package 'ros2_cpp_example' build argument 'catkin_skip_building_tests' from command line to 'False'
[0.236s] DEBUG:colcon.colcon_core.verb:Building package 'ros2_cpp_example' with the following arguments: {'ament_cmake_args': None, 'build_base': '/home/dika/Documents/ROS2_LEARN/build/ros2_cpp_example', 'catkin_cmake_args': None, 'catkin_skip_building_tests': False, 'cmake_args': None, 'cmake_clean_cache': False, 'cmake_clean_first': False, 'cmake_force_configure': False, 'cmake_target': None, 'cmake_target_skip_unavailable': False, 'install_base': '/home/dika/Documents/ROS2_LEARN/install/ros2_cpp_example', 'merge_install': False, 'path': '/home/dika/Documents/ROS2_LEARN/src/ros2_cpp_example', 'symlink_install': False, 'test_result_base': None}
[0.236s] INFO:colcon.colcon_core.executor:Executing jobs using 'parallel' executor
[0.236s] DEBUG:colcon.colcon_parallel_executor.executor.parallel:run_until_complete
[0.237s] INFO:colcon.colcon_ros.task.ament_cmake.build:Building ROS package in '/home/dika/Documents/ROS2_LEARN/src/bumperbot_controller' with build type 'ament_cmake'
[0.237s] INFO:colcon.colcon_cmake.task.cmake.build:Building CMake package in '/home/dika/Documents/ROS2_LEARN/src/bumperbot_controller'
[0.238s] INFO:colcon.colcon_core.plugin_system:Skipping extension 'colcon_core.shell.bat': Not used on non-Windows systems
[0.238s] INFO:colcon.colcon_core.shell:Skip shell extension 'powershell' for command environment: Not usable outside of PowerShell
[0.238s] DEBUG:colcon.colcon_core.shell:Skip shell extension 'dsv' for command environment
[0.240s] INFO:colcon.colcon_ros.task.ament_cmake.build:Building ROS package in '/home/dika/Documents/ROS2_LEARN/src/bumperbot_description' with build type 'ament_cmake'
[0.240s] INFO:colcon.colcon_cmake.task.cmake.build:Building CMake package in '/home/dika/Documents/ROS2_LEARN/src/bumperbot_description'
[0.240s] INFO:colcon.colcon_core.shell:Skip shell extension 'powershell' for command environment: Not usable outside of PowerShell
[0.240s] DEBUG:colcon.colcon_core.shell:Skip shell extension 'dsv' for command environment
[0.242s] INFO:colcon.colcon_ros.task.ament_cmake.build:Building ROS package in '/home/dika/Documents/ROS2_LEARN/src/bumperbot_localization' with build type 'ament_cmake'
[0.242s] INFO:colcon.colcon_cmake.task.cmake.build:Building CMake package in '/home/dika/Documents/ROS2_LEARN/src/bumperbot_localization'
[0.242s] INFO:colcon.colcon_core.shell:Skip shell extension 'powershell' for command environment: Not usable outside of PowerShell
[0.242s] DEBUG:colcon.colcon_core.shell:Skip shell extension 'dsv' for command environment
[0.244s] INFO:colcon.colcon_ros.task.ament_cmake.build:Building ROS package in '/home/dika/Documents/ROS2_LEARN/src/bumperbot_navigation' with build type 'ament_cmake'
[0.244s] INFO:colcon.colcon_cmake.task.cmake.build:Building CMake package in '/home/dika/Documents/ROS2_LEARN/src/bumperbot_navigation'
[0.244s] INFO:colcon.colcon_core.shell:Skip shell extension 'powershell' for command environment: Not usable outside of PowerShell
[0.244s] DEBUG:colcon.colcon_core.shell:Skip shell extension 'dsv' for command environment
[0.246s] INFO:colcon.colcon_ros.task.ament_cmake.build:Building ROS package in '/home/dika/Documents/ROS2_LEARN/src/ros2_cpp_example' with build type 'ament_cmake'
[0.246s] INFO:colcon.colcon_cmake.task.cmake.build:Building CMake package in '/home/dika/Documents/ROS2_LEARN/src/ros2_cpp_example'
[0.246s] INFO:colcon.colcon_core.shell:Skip shell extension 'powershell' for command environment: Not usable outside of PowerShell
[0.246s] DEBUG:colcon.colcon_core.shell:Skip shell extension 'dsv' for command environment
[0.251s] DEBUG:colcon.colcon_core.event_handler.log_command:Invoking command in '/home/dika/Documents/ROS2_LEARN/build/bumperbot_controller': CMAKE_PREFIX_PATH=${CMAKE_PREFIX_PATH}:/opt/ros/humble CONDA_PROMPT_MODIFIER=(base) /usr/bin/cmake /home/dika/Documents/ROS2_LEARN/src/bumperbot_controller -DCMAKE_INSTALL_PREFIX=/home/dika/Documents/ROS2_LEARN/install/bumperbot_controller
[0.253s] DEBUG:colcon.colcon_core.event_handler.log_command:Invoking command in '/home/dika/Documents/ROS2_LEARN/build/bumperbot_description': CMAKE_PREFIX_PATH=${CMAKE_PREFIX_PATH}:/opt/ros/humble CONDA_PROMPT_MODIFIER=(base) /usr/bin/cmake /home/dika/Documents/ROS2_LEARN/src/bumperbot_description -DCMAKE_INSTALL_PREFIX=/home/dika/Documents/ROS2_LEARN/install/bumperbot_description
[0.254s] DEBUG:colcon.colcon_core.event_handler.log_command:Invoking command in '/home/dika/Documents/ROS2_LEARN/build/bumperbot_localization': CMAKE_PREFIX_PATH=${CMAKE_PREFIX_PATH}:/opt/ros/humble CONDA_PROMPT_MODIFIER=(base) /usr/bin/cmake /home/dika/Documents/ROS2_LEARN/src/bumperbot_localization -DCMAKE_INSTALL_PREFIX=/home/dika/Documents/ROS2_LEARN/install/bumperbot_localization
[0.256s] DEBUG:colcon.colcon_core.event_handler.log_command:Invoking command in '/home/dika/Documents/ROS2_LEARN/build/bumperbot_navigation': CMAKE_PREFIX_PATH=${CMAKE_PREFIX_PATH}:/opt/ros/humble CONDA_PROMPT_MODIFIER=(base) /usr/bin/cmake /home/dika/Documents/ROS2_LEARN/src/bumperbot_navigation -DCMAKE_INSTALL_PREFIX=/home/dika/Documents/ROS2_LEARN/install/bumperbot_navigation
[0.260s] DEBUG:colcon.colcon_core.event_handler.log_command:Invoking command in '/home/dika/Documents/ROS2_LEARN/build/ros2_cpp_example': CMAKE_PREFIX_PATH=${CMAKE_PREFIX_PATH}:/opt/ros/humble CONDA_PROMPT_MODIFIER=(base) /usr/bin/cmake /home/dika/Documents/ROS2_LEARN/src/ros2_cpp_example -DCMAKE_INSTALL_PREFIX=/home/dika/Documents/ROS2_LEARN/install/ros2_cpp_example
[1.176s] DEBUG:colcon.colcon_core.event_handler.log_command:Invoked command in '/home/dika/Documents/ROS2_LEARN/build/bumperbot_description' returned '0': CMAKE_PREFIX_PATH=${CMAKE_PREFIX_PATH}:/opt/ros/humble CONDA_PROMPT_MODIFIER=(base) /usr/bin/cmake /home/dika/Documents/ROS2_LEARN/src/bumperbot_description -DCMAKE_INSTALL_PREFIX=/home/dika/Documents/ROS2_LEARN/install/bumperbot_description
[1.178s] DEBUG:colcon.colcon_core.event_handler.log_command:Invoking command in '/home/dika/Documents/ROS2_LEARN/build/bumperbot_description': CMAKE_PREFIX_PATH=${CMAKE_PREFIX_PATH}:/opt/ros/humble CONDA_PROMPT_MODIFIER=(base) /usr/bin/cmake --build /home/dika/Documents/ROS2_LEARN/build/bumperbot_description -- -j12 -l12
[1.204s] DEBUG:colcon.colcon_core.event_handler.log_command:Invoked command in '/home/dika/Documents/ROS2_LEARN/build/bumperbot_description' returned '0': CMAKE_PREFIX_PATH=${CMAKE_PREFIX_PATH}:/opt/ros/humble CONDA_PROMPT_MODIFIER=(base) /usr/bin/cmake --build /home/dika/Documents/ROS2_LEARN/build/bumperbot_description -- -j12 -l12
[1.212s] DEBUG:colcon.colcon_core.event_handler.log_command:Invoking command in '/home/dika/Documents/ROS2_LEARN/build/bumperbot_description': CMAKE_PREFIX_PATH=${CMAKE_PREFIX_PATH}:/opt/ros/humble CONDA_PROMPT_MODIFIER=(base) /usr/bin/cmake --install /home/dika/Documents/ROS2_LEARN/build/bumperbot_description
[1.330s] DEBUG:colcon.colcon_core.event_handler.log_command:Invoked command in '/home/dika/Documents/ROS2_LEARN/build/bumperbot_navigation' returned '0': CMAKE_PREFIX_PATH=${CMAKE_PREFIX_PATH}:/opt/ros/humble CONDA_PROMPT_MODIFIER=(base) /usr/bin/cmake /home/dika/Documents/ROS2_LEARN/src/bumperbot_navigation -DCMAKE_INSTALL_PREFIX=/home/dika/Documents/ROS2_LEARN/install/bumperbot_navigation
[1.330s] Level 1:colcon.colcon_core.environment:create_environment_scripts_only(bumperbot_description)
[1.334s] DEBUG:colcon.colcon_core.event_handler.log_command:Invoking command in '/home/dika/Documents/ROS2_LEARN/build/bumperbot_navigation': CMAKE_PREFIX_PATH=${CMAKE_PREFIX_PATH}:/opt/ros/humble CONDA_PROMPT_MODIFIER=(base) /usr/bin/cmake --build /home/dika/Documents/ROS2_LEARN/build/bumperbot_navigation -- -j12 -l12
[1.337s] DEBUG:colcon.colcon_core.event_handler.log_command:Invoked command in '/home/dika/Documents/ROS2_LEARN/build/bumperbot_description' returned '0': CMAKE_PREFIX_PATH=${CMAKE_PREFIX_PATH}:/opt/ros/humble CONDA_PROMPT_MODIFIER=(base) /usr/bin/cmake --install /home/dika/Documents/ROS2_LEARN/build/bumperbot_description
[1.338s] Level 1:colcon.colcon_core.environment:checking '/home/dika/Documents/ROS2_LEARN/install/bumperbot_description' for CMake module files
[1.339s] Level 1:colcon.colcon_core.environment:checking '/home/dika/Documents/ROS2_LEARN/install/bumperbot_description' for CMake config files
[1.342s] Level 1:colcon.colcon_core.shell:create_environment_hook('bumperbot_description', 'cmake_prefix_path')
[1.342s] INFO:colcon.colcon_core.shell:Creating environment hook '/home/dika/Documents/ROS2_LEARN/install/bumperbot_description/share/bumperbot_description/hook/cmake_prefix_path.ps1'
[1.343s] INFO:colcon.colcon_core.shell:Creating environment descriptor '/home/dika/Documents/ROS2_LEARN/install/bumperbot_description/share/bumperbot_description/hook/cmake_prefix_path.dsv'
[1.343s] INFO:colcon.colcon_core.shell:Creating environment hook '/home/dika/Documents/ROS2_LEARN/install/bumperbot_description/share/bumperbot_description/hook/cmake_prefix_path.sh'
[1.344s] Level 1:colcon.colcon_core.environment:checking '/home/dika/Documents/ROS2_LEARN/install/bumperbot_description/bin'
[1.344s] Level 1:colcon.colcon_core.environment:checking '/home/dika/Documents/ROS2_LEARN/install/bumperbot_description/lib/pkgconfig/bumperbot_description.pc'
[1.344s] Level 1:colcon.colcon_core.environment:checking '/home/dika/Documents/ROS2_LEARN/install/bumperbot_description/lib/python3.10/site-packages'
[1.344s] Level 1:colcon.colcon_core.environment:checking '/home/dika/Documents/ROS2_LEARN/install/bumperbot_description/bin'
[1.344s] INFO:colcon.colcon_core.shell:Creating package script '/home/dika/Documents/ROS2_LEARN/install/bumperbot_description/share/bumperbot_description/package.ps1'
[1.345s] INFO:colcon.colcon_core.shell:Creating package descriptor '/home/dika/Documents/ROS2_LEARN/install/bumperbot_description/share/bumperbot_description/package.dsv'
[1.345s] INFO:colcon.colcon_core.shell:Creating package script '/home/dika/Documents/ROS2_LEARN/install/bumperbot_description/share/bumperbot_description/package.sh'
[1.346s] INFO:colcon.colcon_core.shell:Creating package script '/home/dika/Documents/ROS2_LEARN/install/bumperbot_description/share/bumperbot_description/package.bash'
[1.348s] INFO:colcon.colcon_core.shell:Creating package script '/home/dika/Documents/ROS2_LEARN/install/bumperbot_description/share/bumperbot_description/package.zsh'
[1.349s] Level 1:colcon.colcon_core.environment:create_file_with_runtime_dependencies(/home/dika/Documents/ROS2_LEARN/install/bumperbot_description/share/colcon-core/packages/bumperbot_description)
[1.350s] Level 1:colcon.colcon_core.environment:create_environment_scripts_only(bumperbot_description)
[1.350s] Level 1:colcon.colcon_core.environment:checking '/home/dika/Documents/ROS2_LEARN/install/bumperbot_description' for CMake module files
[1.351s] Level 1:colcon.colcon_core.environment:checking '/home/dika/Documents/ROS2_LEARN/install/bumperbot_description' for CMake config files
[1.355s] Level 1:colcon.colcon_core.shell:create_environment_hook('bumperbot_description', 'cmake_prefix_path')
[1.355s] INFO:colcon.colcon_core.shell:Creating environment hook '/home/dika/Documents/ROS2_LEARN/install/bumperbot_description/share/bumperbot_description/hook/cmake_prefix_path.ps1'
[1.356s] INFO:colcon.colcon_core.shell:Creating environment descriptor '/home/dika/Documents/ROS2_LEARN/install/bumperbot_description/share/bumperbot_description/hook/cmake_prefix_path.dsv'
[1.357s] INFO:colcon.colcon_core.shell:Creating environment hook '/home/dika/Documents/ROS2_LEARN/install/bumperbot_description/share/bumperbot_description/hook/cmake_prefix_path.sh'
[1.357s] Level 1:colcon.colcon_core.environment:checking '/home/dika/Documents/ROS2_LEARN/install/bumperbot_description/bin'
[1.358s] Level 1:colcon.colcon_core.environment:checking '/home/dika/Documents/ROS2_LEARN/install/bumperbot_description/lib/pkgconfig/bumperbot_description.pc'
[1.358s] Level 1:colcon.colcon_core.environment:checking '/home/dika/Documents/ROS2_LEARN/install/bumperbot_description/lib/python3.10/site-packages'
[1.358s] Level 1:colcon.colcon_core.environment:checking '/home/dika/Documents/ROS2_LEARN/install/bumperbot_description/bin'
[1.358s] INFO:colcon.colcon_core.shell:Creating package script '/home/dika/Documents/ROS2_LEARN/install/bumperbot_description/share/bumperbot_description/package.ps1'
[1.359s] INFO:colcon.colcon_core.shell:Creating package descriptor '/home/dika/Documents/ROS2_LEARN/install/bumperbot_description/share/bumperbot_description/package.dsv'
[1.360s] INFO:colcon.colcon_core.shell:Creating package script '/home/dika/Documents/ROS2_LEARN/install/bumperbot_description/share/bumperbot_description/package.sh'
[1.360s] INFO:colcon.colcon_core.shell:Creating package script '/home/dika/Documents/ROS2_LEARN/install/bumperbot_description/share/bumperbot_description/package.bash'
[1.360s] INFO:colcon.colcon_core.shell:Creating package script '/home/dika/Documents/ROS2_LEARN/install/bumperbot_description/share/bumperbot_description/package.zsh'
[1.361s] Level 1:colcon.colcon_core.environment:create_file_with_runtime_dependencies(/home/dika/Documents/ROS2_LEARN/install/bumperbot_description/share/colcon-core/packages/bumperbot_description)
[1.363s] DEBUG:colcon.colcon_core.event_handler.log_command:Invoked command in '/home/dika/Documents/ROS2_LEARN/build/bumperbot_navigation' returned '0': CMAKE_PREFIX_PATH=${CMAKE_PREFIX_PATH}:/opt/ros/humble CONDA_PROMPT_MODIFIER=(base) /usr/bin/cmake --build /home/dika/Documents/ROS2_LEARN/build/bumperbot_navigation -- -j12 -l12
[1.365s] DEBUG:colcon.colcon_core.event_handler.log_command:Invoking command in '/home/dika/Documents/ROS2_LEARN/build/bumperbot_navigation': CMAKE_PREFIX_PATH=${CMAKE_PREFIX_PATH}:/opt/ros/humble CONDA_PROMPT_MODIFIER=(base) /usr/bin/cmake --install /home/dika/Documents/ROS2_LEARN/build/bumperbot_navigation
[1.394s] Level 1:colcon.colcon_core.environment:create_environment_scripts_only(bumperbot_navigation)
[1.395s] Level 1:colcon.colcon_core.environment:checking '/home/dika/Documents/ROS2_LEARN/install/bumperbot_navigation' for CMake module files
[1.395s] DEBUG:colcon.colcon_core.event_handler.log_command:Invoked command in '/home/dika/Documents/ROS2_LEARN/build/bumperbot_navigation' returned '0': CMAKE_PREFIX_PATH=${CMAKE_PREFIX_PATH}:/opt/ros/humble CONDA_PROMPT_MODIFIER=(base) /usr/bin/cmake --install /home/dika/Documents/ROS2_LEARN/build/bumperbot_navigation
[1.395s] Level 1:colcon.colcon_core.environment:checking '/home/dika/Documents/ROS2_LEARN/install/bumperbot_navigation' for CMake config files
[1.395s] Level 1:colcon.colcon_core.shell:create_environment_hook('bumperbot_navigation', 'cmake_prefix_path')
[1.396s] INFO:colcon.colcon_core.shell:Creating environment hook '/home/dika/Documents/ROS2_LEARN/install/bumperbot_navigation/share/bumperbot_navigation/hook/cmake_prefix_path.ps1'
[1.396s] INFO:colcon.colcon_core.shell:Creating environment descriptor '/home/dika/Documents/ROS2_LEARN/install/bumperbot_navigation/share/bumperbot_navigation/hook/cmake_prefix_path.dsv'
[1.396s] INFO:colcon.colcon_core.shell:Creating environment hook '/home/dika/Documents/ROS2_LEARN/install/bumperbot_navigation/share/bumperbot_navigation/hook/cmake_prefix_path.sh'
[1.397s] Level 1:colcon.colcon_core.environment:checking '/home/dika/Documents/ROS2_LEARN/install/bumperbot_navigation/bin'
[1.397s] Level 1:colcon.colcon_core.environment:checking '/home/dika/Documents/ROS2_LEARN/install/bumperbot_navigation/lib/pkgconfig/bumperbot_navigation.pc'
[1.397s] Level 1:colcon.colcon_core.environment:checking '/home/dika/Documents/ROS2_LEARN/install/bumperbot_navigation/lib/python3.10/site-packages'
[1.397s] Level 1:colcon.colcon_core.environment:checking '/home/dika/Documents/ROS2_LEARN/install/bumperbot_navigation/bin'
[1.397s] INFO:colcon.colcon_core.shell:Creating package script '/home/dika/Documents/ROS2_LEARN/install/bumperbot_navigation/share/bumperbot_navigation/package.ps1'
[1.398s] INFO:colcon.colcon_core.shell:Creating package descriptor '/home/dika/Documents/ROS2_LEARN/install/bumperbot_navigation/share/bumperbot_navigation/package.dsv'
[1.398s] INFO:colcon.colcon_core.shell:Creating package script '/home/dika/Documents/ROS2_LEARN/install/bumperbot_navigation/share/bumperbot_navigation/package.sh'
[1.398s] INFO:colcon.colcon_core.shell:Creating package script '/home/dika/Documents/ROS2_LEARN/install/bumperbot_navigation/share/bumperbot_navigation/package.bash'
[1.398s] INFO:colcon.colcon_core.shell:Creating package script '/home/dika/Documents/ROS2_LEARN/install/bumperbot_navigation/share/bumperbot_navigation/package.zsh'
[1.399s] Level 1:colcon.colcon_core.environment:create_file_with_runtime_dependencies(/home/dika/Documents/ROS2_LEARN/install/bumperbot_navigation/share/colcon-core/packages/bumperbot_navigation)
[1.400s] Level 1:colcon.colcon_core.environment:create_environment_scripts_only(bumperbot_navigation)
[1.400s] Level 1:colcon.colcon_core.environment:checking '/home/dika/Documents/ROS2_LEARN/install/bumperbot_navigation' for CMake module files
[1.401s] Level 1:colcon.colcon_core.environment:checking '/home/dika/Documents/ROS2_LEARN/install/bumperbot_navigation' for CMake config files
[1.401s] Level 1:colcon.colcon_core.shell:create_environment_hook('bumperbot_navigation', 'cmake_prefix_path')
[1.402s] INFO:colcon.colcon_core.shell:Creating environment hook '/home/dika/Documents/ROS2_LEARN/install/bumperbot_navigation/share/bumperbot_navigation/hook/cmake_prefix_path.ps1'
[1.402s] INFO:colcon.colcon_core.shell:Creating environment descriptor '/home/dika/Documents/ROS2_LEARN/install/bumperbot_navigation/share/bumperbot_navigation/hook/cmake_prefix_path.dsv'
[1.403s] INFO:colcon.colcon_core.shell:Creating environment hook '/home/dika/Documents/ROS2_LEARN/install/bumperbot_navigation/share/bumperbot_navigation/hook/cmake_prefix_path.sh'
[1.403s] Level 1:colcon.colcon_core.environment:checking '/home/dika/Documents/ROS2_LEARN/install/bumperbot_navigation/bin'
[1.404s] Level 1:colcon.colcon_core.environment:checking '/home/dika/Documents/ROS2_LEARN/install/bumperbot_navigation/lib/pkgconfig/bumperbot_navigation.pc'
[1.404s] Level 1:colcon.colcon_core.environment:checking '/home/dika/Documents/ROS2_LEARN/install/bumperbot_navigation/lib/python3.10/site-packages'
[1.404s] Level 1:colcon.colcon_core.environment:checking '/home/dika/Documents/ROS2_LEARN/install/bumperbot_navigation/bin'
[1.404s] INFO:colcon.colcon_core.shell:Creating package script '/home/dika/Documents/ROS2_LEARN/install/bumperbot_navigation/share/bumperbot_navigation/package.ps1'
[1.405s] INFO:colcon.colcon_core.shell:Creating package descriptor '/home/dika/Documents/ROS2_LEARN/install/bumperbot_navigation/share/bumperbot_navigation/package.dsv'
[1.405s] INFO:colcon.colcon_core.shell:Creating package script '/home/dika/Documents/ROS2_LEARN/install/bumperbot_navigation/share/bumperbot_navigation/package.sh'
[1.405s] INFO:colcon.colcon_core.shell:Creating package script '/home/dika/Documents/ROS2_LEARN/install/bumperbot_navigation/share/bumperbot_navigation/package.bash'
[1.406s] INFO:colcon.colcon_core.shell:Creating package script '/home/dika/Documents/ROS2_LEARN/install/bumperbot_navigation/share/bumperbot_navigation/package.zsh'
[1.406s] Level 1:colcon.colcon_core.environment:create_file_with_runtime_dependencies(/home/dika/Documents/ROS2_LEARN/install/bumperbot_navigation/share/colcon-core/packages/bumperbot_navigation)
[1.566s] DEBUG:colcon.colcon_core.event_handler.log_command:Invoked command in '/home/dika/Documents/ROS2_LEARN/build/bumperbot_controller' returned '0': CMAKE_PREFIX_PATH=${CMAKE_PREFIX_PATH}:/opt/ros/humble CONDA_PROMPT_MODIFIER=(base) /usr/bin/cmake /home/dika/Documents/ROS2_LEARN/src/bumperbot_controller -DCMAKE_INSTALL_PREFIX=/home/dika/Documents/ROS2_LEARN/install/bumperbot_controller
[1.567s] DEBUG:colcon.colcon_core.event_handler.log_command:Invoking command in '/home/dika/Documents/ROS2_LEARN/build/bumperbot_controller': CMAKE_PREFIX_PATH=${CMAKE_PREFIX_PATH}:/opt/ros/humble CONDA_PROMPT_MODIFIER=(base) /usr/bin/cmake --build /home/dika/Documents/ROS2_LEARN/build/bumperbot_controller -- -j12 -l12
[1.608s] DEBUG:colcon.colcon_core.event_handler.log_command:Invoked command in '/home/dika/Documents/ROS2_LEARN/build/bumperbot_localization' returned '0': CMAKE_PREFIX_PATH=${CMAKE_PREFIX_PATH}:/opt/ros/humble CONDA_PROMPT_MODIFIER=(base) /usr/bin/cmake /home/dika/Documents/ROS2_LEARN/src/bumperbot_localization -DCMAKE_INSTALL_PREFIX=/home/dika/Documents/ROS2_LEARN/install/bumperbot_localization
[1.610s] DEBUG:colcon.colcon_core.event_handler.log_command:Invoking command in '/home/dika/Documents/ROS2_LEARN/build/bumperbot_localization': CMAKE_PREFIX_PATH=${CMAKE_PREFIX_PATH}:/opt/ros/humble CONDA_PROMPT_MODIFIER=(base) /usr/bin/cmake --build /home/dika/Documents/ROS2_LEARN/build/bumperbot_localization -- -j12 -l12
[1.692s] DEBUG:colcon.colcon_core.event_handler.log_command:Invoked command in '/home/dika/Documents/ROS2_LEARN/build/ros2_cpp_example' returned '0': CMAKE_PREFIX_PATH=${CMAKE_PREFIX_PATH}:/opt/ros/humble CONDA_PROMPT_MODIFIER=(base) /usr/bin/cmake /home/dika/Documents/ROS2_LEARN/src/ros2_cpp_example -DCMAKE_INSTALL_PREFIX=/home/dika/Documents/ROS2_LEARN/install/ros2_cpp_example
[1.693s] DEBUG:colcon.colcon_core.event_handler.log_command:Invoking command in '/home/dika/Documents/ROS2_LEARN/build/ros2_cpp_example': CMAKE_PREFIX_PATH=${CMAKE_PREFIX_PATH}:/opt/ros/humble CONDA_PROMPT_MODIFIER=(base) /usr/bin/cmake --build /home/dika/Documents/ROS2_LEARN/build/ros2_cpp_example -- -j12 -l12
[5.302s] DEBUG:colcon.colcon_core.event_handler.log_command:Invoked command in '/home/dika/Documents/ROS2_LEARN/build/ros2_cpp_example' returned '0': CMAKE_PREFIX_PATH=${CMAKE_PREFIX_PATH}:/opt/ros/humble CONDA_PROMPT_MODIFIER=(base) /usr/bin/cmake --build /home/dika/Documents/ROS2_LEARN/build/ros2_cpp_example -- -j12 -l12
[5.304s] DEBUG:colcon.colcon_core.event_handler.log_command:Invoking command in '/home/dika/Documents/ROS2_LEARN/build/ros2_cpp_example': CMAKE_PREFIX_PATH=${CMAKE_PREFIX_PATH}:/opt/ros/humble CONDA_PROMPT_MODIFIER=(base) /usr/bin/cmake --install /home/dika/Documents/ROS2_LEARN/build/ros2_cpp_example
[5.315s] Level 1:colcon.colcon_core.environment:create_environment_scripts_only(ros2_cpp_example)
[5.315s] Level 1:colcon.colcon_core.environment:checking '/home/dika/Documents/ROS2_LEARN/install/ros2_cpp_example' for CMake module files
[5.316s] DEBUG:colcon.colcon_core.event_handler.log_command:Invoked command in '/home/dika/Documents/ROS2_LEARN/build/ros2_cpp_example' returned '0': CMAKE_PREFIX_PATH=${CMAKE_PREFIX_PATH}:/opt/ros/humble CONDA_PROMPT_MODIFIER=(base) /usr/bin/cmake --install /home/dika/Documents/ROS2_LEARN/build/ros2_cpp_example
[5.316s] Level 1:colcon.colcon_core.environment:checking '/home/dika/Documents/ROS2_LEARN/install/ros2_cpp_example' for CMake config files
[5.317s] Level 1:colcon.colcon_core.shell:create_environment_hook('ros2_cpp_example', 'cmake_prefix_path')
[5.317s] INFO:colcon.colcon_core.shell:Creating environment hook '/home/dika/Documents/ROS2_LEARN/install/ros2_cpp_example/share/ros2_cpp_example/hook/cmake_prefix_path.ps1'
[5.317s] INFO:colcon.colcon_core.shell:Creating environment descriptor '/home/dika/Documents/ROS2_LEARN/install/ros2_cpp_example/share/ros2_cpp_example/hook/cmake_prefix_path.dsv'
[5.318s] INFO:colcon.colcon_core.shell:Creating environment hook '/home/dika/Documents/ROS2_LEARN/install/ros2_cpp_example/share/ros2_cpp_example/hook/cmake_prefix_path.sh'
[5.318s] Level 1:colcon.colcon_core.environment:checking '/home/dika/Documents/ROS2_LEARN/install/ros2_cpp_example/lib'
[5.319s] Level 1:colcon.colcon_core.environment:checking '/home/dika/Documents/ROS2_LEARN/install/ros2_cpp_example/bin'
[5.319s] Level 1:colcon.colcon_core.environment:checking '/home/dika/Documents/ROS2_LEARN/install/ros2_cpp_example/lib/pkgconfig/ros2_cpp_example.pc'
[5.319s] Level 1:colcon.colcon_core.environment:checking '/home/dika/Documents/ROS2_LEARN/install/ros2_cpp_example/lib/python3.10/site-packages'
[5.319s] Level 1:colcon.colcon_core.environment:checking '/home/dika/Documents/ROS2_LEARN/install/ros2_cpp_example/bin'
[5.319s] INFO:colcon.colcon_core.shell:Creating package script '/home/dika/Documents/ROS2_LEARN/install/ros2_cpp_example/share/ros2_cpp_example/package.ps1'
[5.320s] INFO:colcon.colcon_core.shell:Creating package descriptor '/home/dika/Documents/ROS2_LEARN/install/ros2_cpp_example/share/ros2_cpp_example/package.dsv'
[5.320s] INFO:colcon.colcon_core.shell:Creating package script '/home/dika/Documents/ROS2_LEARN/install/ros2_cpp_example/share/ros2_cpp_example/package.sh'
[5.321s] INFO:colcon.colcon_core.shell:Creating package script '/home/dika/Documents/ROS2_LEARN/install/ros2_cpp_example/share/ros2_cpp_example/package.bash'
[5.321s] INFO:colcon.colcon_core.shell:Creating package script '/home/dika/Documents/ROS2_LEARN/install/ros2_cpp_example/share/ros2_cpp_example/package.zsh'
[5.322s] Level 1:colcon.colcon_core.environment:create_file_with_runtime_dependencies(/home/dika/Documents/ROS2_LEARN/install/ros2_cpp_example/share/colcon-core/packages/ros2_cpp_example)
[5.322s] Level 1:colcon.colcon_core.environment:create_environment_scripts_only(ros2_cpp_example)
[5.322s] Level 1:colcon.colcon_core.environment:checking '/home/dika/Documents/ROS2_LEARN/install/ros2_cpp_example' for CMake module files
[5.323s] Level 1:colcon.colcon_core.environment:checking '/home/dika/Documents/ROS2_LEARN/install/ros2_cpp_example' for CMake config files
[5.323s] Level 1:colcon.colcon_core.shell:create_environment_hook('ros2_cpp_example', 'cmake_prefix_path')
[5.324s] INFO:colcon.colcon_core.shell:Creating environment hook '/home/dika/Documents/ROS2_LEARN/install/ros2_cpp_example/share/ros2_cpp_example/hook/cmake_prefix_path.ps1'
[5.324s] INFO:colcon.colcon_core.shell:Creating environment descriptor '/home/dika/Documents/ROS2_LEARN/install/ros2_cpp_example/share/ros2_cpp_example/hook/cmake_prefix_path.dsv'
[5.325s] INFO:colcon.colcon_core.shell:Creating environment hook '/home/dika/Documents/ROS2_LEARN/install/ros2_cpp_example/share/ros2_cpp_example/hook/cmake_prefix_path.sh'
[5.325s] Level 1:colcon.colcon_core.environment:checking '/home/dika/Documents/ROS2_LEARN/install/ros2_cpp_example/lib'
[5.325s] Level 1:colcon.colcon_core.environment:checking '/home/dika/Documents/ROS2_LEARN/install/ros2_cpp_example/bin'
[5.325s] Level 1:colcon.colcon_core.environment:checking '/home/dika/Documents/ROS2_LEARN/install/ros2_cpp_example/lib/pkgconfig/ros2_cpp_example.pc'
[5.326s] Level 1:colcon.colcon_core.environment:checking '/home/dika/Documents/ROS2_LEARN/install/ros2_cpp_example/lib/python3.10/site-packages'
[5.326s] Level 1:colcon.colcon_core.environment:checking '/home/dika/Documents/ROS2_LEARN/install/ros2_cpp_example/bin'
[5.326s] INFO:colcon.colcon_core.shell:Creating package script '/home/dika/Documents/ROS2_LEARN/install/ros2_cpp_example/share/ros2_cpp_example/package.ps1'
[5.327s] INFO:colcon.colcon_core.shell:Creating package descriptor '/home/dika/Documents/ROS2_LEARN/install/ros2_cpp_example/share/ros2_cpp_example/package.dsv'
[5.327s] INFO:colcon.colcon_core.shell:Creating package script '/home/dika/Documents/ROS2_LEARN/install/ros2_cpp_example/share/ros2_cpp_example/package.sh'
[5.328s] INFO:colcon.colcon_core.shell:Creating package script '/home/dika/Documents/ROS2_LEARN/install/ros2_cpp_example/share/ros2_cpp_example/package.bash'
[5.328s] INFO:colcon.colcon_core.shell:Creating package script '/home/dika/Documents/ROS2_LEARN/install/ros2_cpp_example/share/ros2_cpp_example/package.zsh'
[5.328s] Level 1:colcon.colcon_core.environment:create_file_with_runtime_dependencies(/home/dika/Documents/ROS2_LEARN/install/ros2_cpp_example/share/colcon-core/packages/ros2_cpp_example)
[8.062s] DEBUG:colcon.colcon_core.event_handler.log_command:Invoked command in '/home/dika/Documents/ROS2_LEARN/build/bumperbot_localization' returned '0': CMAKE_PREFIX_PATH=${CMAKE_PREFIX_PATH}:/opt/ros/humble CONDA_PROMPT_MODIFIER=(base) /usr/bin/cmake --build /home/dika/Documents/ROS2_LEARN/build/bumperbot_localization -- -j12 -l12
[8.065s] DEBUG:colcon.colcon_core.event_handler.log_command:Invoking command in '/home/dika/Documents/ROS2_LEARN/build/bumperbot_localization': CMAKE_PREFIX_PATH=${CMAKE_PREFIX_PATH}:/opt/ros/humble CONDA_PROMPT_MODIFIER=(base) /usr/bin/cmake --install /home/dika/Documents/ROS2_LEARN/build/bumperbot_localization
[8.074s] Level 1:colcon.colcon_core.environment:create_environment_scripts_only(bumperbot_localization)
[8.074s] DEBUG:colcon.colcon_core.event_handler.log_command:Invoked command in '/home/dika/Documents/ROS2_LEARN/build/bumperbot_localization' returned '0': CMAKE_PREFIX_PATH=${CMAKE_PREFIX_PATH}:/opt/ros/humble CONDA_PROMPT_MODIFIER=(base) /usr/bin/cmake --install /home/dika/Documents/ROS2_LEARN/build/bumperbot_localization
[8.074s] Level 1:colcon.colcon_core.environment:checking '/home/dika/Documents/ROS2_LEARN/install/bumperbot_localization' for CMake module files
[8.075s] Level 1:colcon.colcon_core.environment:checking '/home/dika/Documents/ROS2_LEARN/install/bumperbot_localization' for CMake config files
[8.075s] Level 1:colcon.colcon_core.shell:create_environment_hook('bumperbot_localization', 'cmake_prefix_path')
[8.075s] INFO:colcon.colcon_core.shell:Creating environment hook '/home/dika/Documents/ROS2_LEARN/install/bumperbot_localization/share/bumperbot_localization/hook/cmake_prefix_path.ps1'
[8.075s] INFO:colcon.colcon_core.shell:Creating environment descriptor '/home/dika/Documents/ROS2_LEARN/install/bumperbot_localization/share/bumperbot_localization/hook/cmake_prefix_path.dsv'
[8.075s] INFO:colcon.colcon_core.shell:Creating environment hook '/home/dika/Documents/ROS2_LEARN/install/bumperbot_localization/share/bumperbot_localization/hook/cmake_prefix_path.sh'
[8.076s] Level 1:colcon.colcon_core.environment:checking '/home/dika/Documents/ROS2_LEARN/install/bumperbot_localization/lib'
[8.076s] Level 1:colcon.colcon_core.environment:checking '/home/dika/Documents/ROS2_LEARN/install/bumperbot_localization/bin'
[8.076s] Level 1:colcon.colcon_core.environment:checking '/home/dika/Documents/ROS2_LEARN/install/bumperbot_localization/lib/pkgconfig/bumperbot_localization.pc'
[8.076s] Level 1:colcon.colcon_core.environment:checking '/home/dika/Documents/ROS2_LEARN/install/bumperbot_localization/lib/python3.10/site-packages'
[8.076s] Level 1:colcon.colcon_core.environment:checking '/home/dika/Documents/ROS2_LEARN/install/bumperbot_localization/bin'
[8.076s] INFO:colcon.colcon_core.shell:Creating package script '/home/dika/Documents/ROS2_LEARN/install/bumperbot_localization/share/bumperbot_localization/package.ps1'
[8.077s] INFO:colcon.colcon_core.shell:Creating package descriptor '/home/dika/Documents/ROS2_LEARN/install/bumperbot_localization/share/bumperbot_localization/package.dsv'
[8.077s] INFO:colcon.colcon_core.shell:Creating package script '/home/dika/Documents/ROS2_LEARN/install/bumperbot_localization/share/bumperbot_localization/package.sh'
[8.077s] INFO:colcon.colcon_core.shell:Creating package script '/home/dika/Documents/ROS2_LEARN/install/bumperbot_localization/share/bumperbot_localization/package.bash'
[8.077s] INFO:colcon.colcon_core.shell:Creating package script '/home/dika/Documents/ROS2_LEARN/install/bumperbot_localization/share/bumperbot_localization/package.zsh'
[8.077s] Level 1:colcon.colcon_core.environment:create_file_with_runtime_dependencies(/home/dika/Documents/ROS2_LEARN/install/bumperbot_localization/share/colcon-core/packages/bumperbot_localization)
[8.078s] Level 1:colcon.colcon_core.environment:create_environment_scripts_only(bumperbot_localization)
[8.078s] Level 1:colcon.colcon_core.environment:checking '/home/dika/Documents/ROS2_LEARN/install/bumperbot_localization' for CMake module files
[8.078s] Level 1:colcon.colcon_core.environment:checking '/home/dika/Documents/ROS2_LEARN/install/bumperbot_localization' for CMake config files
[8.078s] Level 1:colcon.colcon_core.shell:create_environment_hook('bumperbot_localization', 'cmake_prefix_path')
[8.078s] INFO:colcon.colcon_core.shell:Creating environment hook '/home/dika/Documents/ROS2_LEARN/install/bumperbot_localization/share/bumperbot_localization/hook/cmake_prefix_path.ps1'
[8.078s] INFO:colcon.colcon_core.shell:Creating environment descriptor '/home/dika/Documents/ROS2_LEARN/install/bumperbot_localization/share/bumperbot_localization/hook/cmake_prefix_path.dsv'
[8.079s] INFO:colcon.colcon_core.shell:Creating environment hook '/home/dika/Documents/ROS2_LEARN/install/bumperbot_localization/share/bumperbot_localization/hook/cmake_prefix_path.sh'
[8.079s] Level 1:colcon.colcon_core.environment:checking '/home/dika/Documents/ROS2_LEARN/install/bumperbot_localization/lib'
[8.079s] Level 1:colcon.colcon_core.environment:checking '/home/dika/Documents/ROS2_LEARN/install/bumperbot_localization/bin'
[8.079s] Level 1:colcon.colcon_core.environment:checking '/home/dika/Documents/ROS2_LEARN/install/bumperbot_localization/lib/pkgconfig/bumperbot_localization.pc'
[8.079s] Level 1:colcon.colcon_core.environment:checking '/home/dika/Documents/ROS2_LEARN/install/bumperbot_localization/lib/python3.10/site-packages'
[8.079s] Level 1:colcon.colcon_core.environment:checking '/home/dika/Documents/ROS2_LEARN/install/bumperbot_localization/bin'
[8.079s] INFO:colcon.colcon_core.shell:Creating package script '/home/dika/Documents/ROS2_LEARN/install/bumperbot_localization/share/bumperbot_localization/package.ps1'
[8.080s] INFO:colcon.colcon_core.shell:Creating package descriptor '/home/dika/Documents/ROS2_LEARN/install/bumperbot_localization/share/bumperbot_localization/package.dsv'
[8.080s] INFO:colcon.colcon_core.shell:Creating package script '/home/dika/Documents/ROS2_LEARN/install/bumperbot_localization/share/bumperbot_localization/package.sh'
[8.080s] INFO:colcon.colcon_core.shell:Creating package script '/home/dika/Documents/ROS2_LEARN/install/bumperbot_localization/share/bumperbot_localization/package.bash'
[8.080s] INFO:colcon.colcon_core.shell:Creating package script '/home/dika/Documents/ROS2_LEARN/install/bumperbot_localization/share/bumperbot_localization/package.zsh'
[8.081s] Level 1:colcon.colcon_core.environment:create_file_with_runtime_dependencies(/home/dika/Documents/ROS2_LEARN/install/bumperbot_localization/share/colcon-core/packages/bumperbot_localization)
[10.329s] DEBUG:colcon.colcon_core.event_handler.log_command:Invoked command in '/home/dika/Documents/ROS2_LEARN/build/bumperbot_controller' returned '0': CMAKE_PREFIX_PATH=${CMAKE_PREFIX_PATH}:/opt/ros/humble CONDA_PROMPT_MODIFIER=(base) /usr/bin/cmake --build /home/dika/Documents/ROS2_LEARN/build/bumperbot_controller -- -j12 -l12
[10.330s] DEBUG:colcon.colcon_core.event_handler.log_command:Invoking command in '/home/dika/Documents/ROS2_LEARN/build/bumperbot_controller': CMAKE_PREFIX_PATH=${CMAKE_PREFIX_PATH}:/opt/ros/humble CONDA_PROMPT_MODIFIER=(base) /usr/bin/cmake --install /home/dika/Documents/ROS2_LEARN/build/bumperbot_controller
[10.342s] Level 1:colcon.colcon_core.environment:create_environment_scripts_only(bumperbot_controller)
[10.342s] Level 1:colcon.colcon_core.environment:checking '/home/dika/Documents/ROS2_LEARN/install/bumperbot_controller' for CMake module files
[10.343s] DEBUG:colcon.colcon_core.event_handler.log_command:Invoked command in '/home/dika/Documents/ROS2_LEARN/build/bumperbot_controller' returned '0': CMAKE_PREFIX_PATH=${CMAKE_PREFIX_PATH}:/opt/ros/humble CONDA_PROMPT_MODIFIER=(base) /usr/bin/cmake --install /home/dika/Documents/ROS2_LEARN/build/bumperbot_controller
[10.343s] Level 1:colcon.colcon_core.environment:checking '/home/dika/Documents/ROS2_LEARN/install/bumperbot_controller' for CMake config files
[10.343s] Level 1:colcon.colcon_core.shell:create_environment_hook('bumperbot_controller', 'cmake_prefix_path')
[10.343s] INFO:colcon.colcon_core.shell:Creating environment hook '/home/dika/Documents/ROS2_LEARN/install/bumperbot_controller/share/bumperbot_controller/hook/cmake_prefix_path.ps1'
[10.344s] INFO:colcon.colcon_core.shell:Creating environment descriptor '/home/dika/Documents/ROS2_LEARN/install/bumperbot_controller/share/bumperbot_controller/hook/cmake_prefix_path.dsv'
[10.344s] INFO:colcon.colcon_core.shell:Creating environment hook '/home/dika/Documents/ROS2_LEARN/install/bumperbot_controller/share/bumperbot_controller/hook/cmake_prefix_path.sh'
[10.344s] Level 1:colcon.colcon_core.environment:checking '/home/dika/Documents/ROS2_LEARN/install/bumperbot_controller/lib'
[10.344s] Level 1:colcon.colcon_core.environment:checking '/home/dika/Documents/ROS2_LEARN/install/bumperbot_controller/bin'
[10.344s] Level 1:colcon.colcon_core.environment:checking '/home/dika/Documents/ROS2_LEARN/install/bumperbot_controller/lib/pkgconfig/bumperbot_controller.pc'
[10.344s] Level 1:colcon.colcon_core.environment:checking '/home/dika/Documents/ROS2_LEARN/install/bumperbot_controller/lib/python3.10/site-packages'
[10.345s] Level 1:colcon.colcon_core.environment:checking '/home/dika/Documents/ROS2_LEARN/install/bumperbot_controller/bin'
[10.345s] INFO:colcon.colcon_core.shell:Creating package script '/home/dika/Documents/ROS2_LEARN/install/bumperbot_controller/share/bumperbot_controller/package.ps1'
[10.345s] INFO:colcon.colcon_core.shell:Creating package descriptor '/home/dika/Documents/ROS2_LEARN/install/bumperbot_controller/share/bumperbot_controller/package.dsv'
[10.345s] INFO:colcon.colcon_core.shell:Creating package script '/home/dika/Documents/ROS2_LEARN/install/bumperbot_controller/share/bumperbot_controller/package.sh'
[10.346s] INFO:colcon.colcon_core.shell:Creating package script '/home/dika/Documents/ROS2_LEARN/install/bumperbot_controller/share/bumperbot_controller/package.bash'
[10.346s] INFO:colcon.colcon_core.shell:Creating package script '/home/dika/Documents/ROS2_LEARN/install/bumperbot_controller/share/bumperbot_controller/package.zsh'
[10.346s] Level 1:colcon.colcon_core.environment:create_file_with_runtime_dependencies(/home/dika/Documents/ROS2_LEARN/install/bumperbot_controller/share/colcon-core/packages/bumperbot_controller)
[10.346s] Level 1:colcon.colcon_core.environment:create_environment_scripts_only(bumperbot_controller)
[10.347s] Level 1:colcon.colcon_core.environment:checking '/home/dika/Documents/ROS2_LEARN/install/bumperbot_controller' for CMake module files
[10.347s] Level 1:colcon.colcon_core.environment:checking '/home/dika/Documents/ROS2_LEARN/install/bumperbot_controller' for CMake config files
[10.347s] Level 1:colcon.colcon_core.shell:create_environment_hook('bumperbot_controller', 'cmake_prefix_path')
[10.347s] INFO:colcon.colcon_core.shell:Creating environment hook '/home/dika/Documents/ROS2_LEARN/install/bumperbot_controller/share/bumperbot_controller/hook/cmake_prefix_path.ps1'
[10.348s] INFO:colcon.colcon_core.shell:Creating environment descriptor '/home/dika/Documents/ROS2_LEARN/install/bumperbot_controller/share/bumperbot_controller/hook/cmake_prefix_path.dsv'
[10.348s] INFO:colcon.colcon_core.shell:Creating environment hook '/home/dika/Documents/ROS2_LEARN/install/bumperbot_controller/share/bumperbot_controller/hook/cmake_prefix_path.sh'
[10.348s] Level 1:colcon.colcon_core.environment:checking '/home/dika/Documents/ROS2_LEARN/install/bumperbot_controller/lib'
[10.348s] Level 1:colcon.colcon_core.environment:checking '/home/dika/Documents/ROS2_LEARN/install/bumperbot_controller/bin'
[10.348s] Level 1:colcon.colcon_core.environment:checking '/home/dika/Documents/ROS2_LEARN/install/bumperbot_controller/lib/pkgconfig/bumperbot_controller.pc'
[10.349s] Level 1:colcon.colcon_core.environment:checking '/home/dika/Documents/ROS2_LEARN/install/bumperbot_controller/lib/python3.10/site-packages'
[10.349s] Level 1:colcon.colcon_core.environment:checking '/home/dika/Documents/ROS2_LEARN/install/bumperbot_controller/bin'
[10.349s] INFO:colcon.colcon_core.shell:Creating package script '/home/dika/Documents/ROS2_LEARN/install/bumperbot_controller/share/bumperbot_controller/package.ps1'
[10.349s] INFO:colcon.colcon_core.shell:Creating package descriptor '/home/dika/Documents/ROS2_LEARN/install/bumperbot_controller/share/bumperbot_controller/package.dsv'
[10.349s] INFO:colcon.colcon_core.shell:Creating package script '/home/dika/Documents/ROS2_LEARN/install/bumperbot_controller/share/bumperbot_controller/package.sh'
[10.350s] INFO:colcon.colcon_core.shell:Creating package script '/home/dika/Documents/ROS2_LEARN/install/bumperbot_controller/share/bumperbot_controller/package.bash'
[10.350s] INFO:colcon.colcon_core.shell:Creating package script '/home/dika/Documents/ROS2_LEARN/install/bumperbot_controller/share/bumperbot_controller/package.zsh'
[10.350s] Level 1:colcon.colcon_core.environment:create_file_with_runtime_dependencies(/home/dika/Documents/ROS2_LEARN/install/bumperbot_controller/share/colcon-core/packages/bumperbot_controller)
[10.350s] DEBUG:colcon.colcon_parallel_executor.executor.parallel:closing loop
[10.350s] DEBUG:colcon.colcon_parallel_executor.executor.parallel:loop closed
[10.351s] DEBUG:colcon.colcon_parallel_executor.executor.parallel:run_until_complete finished with '0'
[10.351s] DEBUG:colcon.colcon_core.event_reactor:joining thread
[10.354s] INFO:colcon.colcon_core.plugin_system:Skipping extension 'colcon_notification.desktop_notification.terminal_notifier': Not used on non-Darwin systems
[10.354s] INFO:colcon.colcon_core.plugin_system:Skipping extension 'colcon_notification.desktop_notification.win32': Not used on non-Windows systems
[10.354s] INFO:colcon.colcon_notification.desktop_notification:Sending desktop notification using 'notify2'
[10.363s] DEBUG:colcon.colcon_core.event_reactor:joined thread
[10.363s] INFO:colcon.colcon_core.shell:Creating prefix script '/home/dika/Documents/ROS2_LEARN/install/local_setup.ps1'
[10.364s] INFO:colcon.colcon_core.shell:Creating prefix util module '/home/dika/Documents/ROS2_LEARN/install/_local_setup_util_ps1.py'
[10.365s] INFO:colcon.colcon_core.shell:Creating prefix chain script '/home/dika/Documents/ROS2_LEARN/install/setup.ps1'
[10.365s] INFO:colcon.colcon_core.shell:Creating prefix script '/home/dika/Documents/ROS2_LEARN/install/local_setup.sh'
[10.366s] INFO:colcon.colcon_core.shell:Creating prefix util module '/home/dika/Documents/ROS2_LEARN/install/_local_setup_util_sh.py'
[10.367s] INFO:colcon.colcon_core.shell:Creating prefix chain script '/home/dika/Documents/ROS2_LEARN/install/setup.sh'
[10.367s] INFO:colcon.colcon_core.shell:Creating prefix script '/home/dika/Documents/ROS2_LEARN/install/local_setup.bash'
[10.368s] INFO:colcon.colcon_core.shell:Creating prefix chain script '/home/dika/Documents/ROS2_LEARN/install/setup.bash'
[10.368s] INFO:colcon.colcon_core.shell:Creating prefix script '/home/dika/Documents/ROS2_LEARN/install/local_setup.zsh'
[10.369s] INFO:colcon.colcon_core.shell:Creating prefix chain script '/home/dika/Documents/ROS2_LEARN/install/setup.zsh'
