-- Install configuration: ""
-- Up-to-date: /home/dika/Documents/ROS2_LEARN/install/bumperbot_navigation/share/bumperbot_navigation/launch
-- Up-to-date: /home/dika/Documents/ROS2_LEARN/install/bumperbot_navigation/share/bumperbot_navigation/launch/localization.launch.py
-- Up-to-date: /home/dika/Documents/ROS2_LEARN/install/bumperbot_navigation/share/bumperbot_navigation/launch/navigation.launch.py
-- Up-to-date: /home/dika/Documents/ROS2_LEARN/install/bumperbot_navigation/share/bumperbot_navigation/config
-- Up-to-date: /home/dika/Documents/ROS2_LEARN/install/bumperbot_navigation/share/bumperbot_navigation/config/nav2_param.yaml
-- Up-to-date: /home/dika/Documents/ROS2_LEARN/install/bumperbot_navigation/share/bumperbot_navigation/config/slam_toolbox.yaml
-- Up-to-date: /home/dika/Documents/ROS2_LEARN/install/bumperbot_navigation/share/bumperbot_navigation/map
-- Up-to-date: /home/dika/Documents/ROS2_LEARN/install/bumperbot_navigation/share/bumperbot_navigation/map/map.data
-- Up-to-date: /home/dika/Documents/ROS2_LEARN/install/bumperbot_navigation/share/bumperbot_navigation/map/map.yaml
-- Up-to-date: /home/dika/Documents/ROS2_LEARN/install/bumperbot_navigation/share/bumperbot_navigation/map/map.pgm
-- Up-to-date: /home/dika/Documents/ROS2_LEARN/install/bumperbot_navigation/share/bumperbot_navigation/map/map.posegraph
-- Up-to-date: /home/dika/Documents/ROS2_LEARN/install/bumperbot_navigation/include/include
-- Up-to-date: /home/dika/Documents/ROS2_LEARN/install/bumperbot_navigation/share/ament_index/resource_index/package_run_dependencies/bumperbot_navigation
-- Up-to-date: /home/dika/Documents/ROS2_LEARN/install/bumperbot_navigation/share/ament_index/resource_index/parent_prefix_path/bumperbot_navigation
-- Up-to-date: /home/dika/Documents/ROS2_LEARN/install/bumperbot_navigation/share/bumperbot_navigation/environment/ament_prefix_path.sh
-- Up-to-date: /home/dika/Documents/ROS2_LEARN/install/bumperbot_navigation/share/bumperbot_navigation/environment/ament_prefix_path.dsv
-- Up-to-date: /home/dika/Documents/ROS2_LEARN/install/bumperbot_navigation/share/bumperbot_navigation/environment/path.sh
-- Up-to-date: /home/dika/Documents/ROS2_LEARN/install/bumperbot_navigation/share/bumperbot_navigation/environment/path.dsv
-- Up-to-date: /home/dika/Documents/ROS2_LEARN/install/bumperbot_navigation/share/bumperbot_navigation/local_setup.bash
-- Up-to-date: /home/dika/Documents/ROS2_LEARN/install/bumperbot_navigation/share/bumperbot_navigation/local_setup.sh
-- Up-to-date: /home/dika/Documents/ROS2_LEARN/install/bumperbot_navigation/share/bumperbot_navigation/local_setup.zsh
-- Up-to-date: /home/dika/Documents/ROS2_LEARN/install/bumperbot_navigation/share/bumperbot_navigation/local_setup.dsv
-- Up-to-date: /home/dika/Documents/ROS2_LEARN/install/bumperbot_navigation/share/bumperbot_navigation/package.dsv
-- Up-to-date: /home/dika/Documents/ROS2_LEARN/install/bumperbot_navigation/share/ament_index/resource_index/packages/bumperbot_navigation
-- Up-to-date: /home/dika/Documents/ROS2_LEARN/install/bumperbot_navigation/share/bumperbot_navigation/cmake/bumperbot_navigationConfig.cmake
-- Up-to-date: /home/dika/Documents/ROS2_LEARN/install/bumperbot_navigation/share/bumperbot_navigation/cmake/bumperbot_navigationConfig-version.cmake
-- Up-to-date: /home/dika/Documents/ROS2_LEARN/install/bumperbot_navigation/share/bumperbot_navigation/package.xml
