[35m[1mConsolidate compiler generated dependencies of target example_tf2_bumperbot[0m
[100%] Built target example_tf2_bumperbot
-- Install configuration: ""
-- Up-to-date: /home/dika/Documents/ROS2_LEARN/install/ros2_cpp_example/include/include
-- Up-to-date: /home/dika/Documents/ROS2_LEARN/install/ros2_cpp_example/include/include/example_tf_bumperbot.hpp
-- Up-to-date: /home/dika/Documents/ROS2_LEARN/install/ros2_cpp_example/lib/ros2_cpp_example/example_tf2_bumperbot
-- Up-to-date: /home/dika/Documents/ROS2_LEARN/install/ros2_cpp_example/share/ament_index/resource_index/package_run_dependencies/ros2_cpp_example
-- Up-to-date: /home/dika/Documents/ROS2_LEARN/install/ros2_cpp_example/share/ament_index/resource_index/parent_prefix_path/ros2_cpp_example
-- Up-to-date: /home/dika/Documents/ROS2_LEARN/install/ros2_cpp_example/share/ros2_cpp_example/environment/ament_prefix_path.sh
-- Up-to-date: /home/dika/Documents/ROS2_LEARN/install/ros2_cpp_example/share/ros2_cpp_example/environment/ament_prefix_path.dsv
-- Up-to-date: /home/dika/Documents/ROS2_LEARN/install/ros2_cpp_example/share/ros2_cpp_example/environment/path.sh
-- Up-to-date: /home/dika/Documents/ROS2_LEARN/install/ros2_cpp_example/share/ros2_cpp_example/environment/path.dsv
-- Up-to-date: /home/dika/Documents/ROS2_LEARN/install/ros2_cpp_example/share/ros2_cpp_example/local_setup.bash
-- Up-to-date: /home/dika/Documents/ROS2_LEARN/install/ros2_cpp_example/share/ros2_cpp_example/local_setup.sh
-- Up-to-date: /home/dika/Documents/ROS2_LEARN/install/ros2_cpp_example/share/ros2_cpp_example/local_setup.zsh
-- Up-to-date: /home/dika/Documents/ROS2_LEARN/install/ros2_cpp_example/share/ros2_cpp_example/local_setup.dsv
-- Installing: /home/dika/Documents/ROS2_LEARN/install/ros2_cpp_example/share/ros2_cpp_example/package.dsv
-- Up-to-date: /home/dika/Documents/ROS2_LEARN/install/ros2_cpp_example/share/ament_index/resource_index/packages/ros2_cpp_example
-- Up-to-date: /home/dika/Documents/ROS2_LEARN/install/ros2_cpp_example/share/ros2_cpp_example/cmake/ros2_cpp_exampleConfig.cmake
-- Up-to-date: /home/dika/Documents/ROS2_LEARN/install/ros2_cpp_example/share/ros2_cpp_example/cmake/ros2_cpp_exampleConfig-version.cmake
-- Up-to-date: /home/dika/Documents/ROS2_LEARN/install/ros2_cpp_example/share/ros2_cpp_example/package.xml
