[35m[1mConsolidate compiler generated dependencies of target imu_republish[0m
[35m[1mConsolidate compiler generated dependencies of target odom_republisher[0m
[ 50%] Built target imu_republish
[100%] Built target odom_republisher
-- Install configuration: ""
-- Up-to-date: /home/dika/Documents/ROS2_LEARN/install/bumperbot_localization/include/include
-- Up-to-date: /home/dika/Documents/ROS2_LEARN/install/bumperbot_localization/include/include/odom_republisher.hpp
-- Up-to-date: /home/dika/Documents/ROS2_LEARN/install/bumperbot_localization/lib/bumperbot_localization/imu_republish
-- Up-to-date: /home/dika/Documents/ROS2_LEARN/install/bumperbot_localization/lib/bumperbot_localization/odom_republisher
-- Up-to-date: /home/dika/Documents/ROS2_LEARN/install/bumperbot_localization/share/bumperbot_localization/launch
-- Up-to-date: /home/dika/Documents/ROS2_LEARN/install/bumperbot_localization/share/bumperbot_localization/launch/test_localization.launch.py
-- Up-to-date: /home/dika/Documents/ROS2_LEARN/install/bumperbot_localization/share/bumperbot_localization/config
-- Up-to-date: /home/dika/Documents/ROS2_LEARN/install/bumperbot_localization/share/bumperbot_localization/config/ekf.yaml
-- Up-to-date: /home/dika/Documents/ROS2_LEARN/install/bumperbot_localization/share/ament_index/resource_index/package_run_dependencies/bumperbot_localization
-- Up-to-date: /home/dika/Documents/ROS2_LEARN/install/bumperbot_localization/share/ament_index/resource_index/parent_prefix_path/bumperbot_localization
-- Up-to-date: /home/dika/Documents/ROS2_LEARN/install/bumperbot_localization/share/bumperbot_localization/environment/ament_prefix_path.sh
-- Up-to-date: /home/dika/Documents/ROS2_LEARN/install/bumperbot_localization/share/bumperbot_localization/environment/ament_prefix_path.dsv
-- Up-to-date: /home/dika/Documents/ROS2_LEARN/install/bumperbot_localization/share/bumperbot_localization/environment/path.sh
-- Up-to-date: /home/dika/Documents/ROS2_LEARN/install/bumperbot_localization/share/bumperbot_localization/environment/path.dsv
-- Up-to-date: /home/dika/Documents/ROS2_LEARN/install/bumperbot_localization/share/bumperbot_localization/local_setup.bash
-- Up-to-date: /home/dika/Documents/ROS2_LEARN/install/bumperbot_localization/share/bumperbot_localization/local_setup.sh
-- Up-to-date: /home/dika/Documents/ROS2_LEARN/install/bumperbot_localization/share/bumperbot_localization/local_setup.zsh
-- Up-to-date: /home/dika/Documents/ROS2_LEARN/install/bumperbot_localization/share/bumperbot_localization/local_setup.dsv
-- Installing: /home/dika/Documents/ROS2_LEARN/install/bumperbot_localization/share/bumperbot_localization/package.dsv
-- Up-to-date: /home/dika/Documents/ROS2_LEARN/install/bumperbot_localization/share/ament_index/resource_index/packages/bumperbot_localization
-- Up-to-date: /home/dika/Documents/ROS2_LEARN/install/bumperbot_localization/share/bumperbot_localization/cmake/bumperbot_localizationConfig.cmake
-- Up-to-date: /home/dika/Documents/ROS2_LEARN/install/bumperbot_localization/share/bumperbot_localization/cmake/bumperbot_localizationConfig-version.cmake
-- Up-to-date: /home/dika/Documents/ROS2_LEARN/install/bumperbot_localization/share/bumperbot_localization/package.xml
