[0.015s] Invoking command in '/home/dika/Documents/ROS2_LEARN/build/bumperbot_localization': CMAKE_PREFIX_PATH=${CMAKE_PREFIX_PATH}:/opt/ros/humble CONDA_PROMPT_MODIFIER=(base) /usr/bin/cmake --build /home/dika/Documents/ROS2_LEARN/build/bumperbot_localization -- -j12 -l12
[0.048s] [35m[1mConsolidate compiler generated dependencies of target imu_republish[0m
[0.050s] [35m[1mConsolidate compiler generated dependencies of target odom_republisher[0m
[0.065s] [ 50%] Built target imu_republish
[0.065s] [100%] Built target odom_republisher
[0.125s] Invoked command in '/home/dika/Documents/ROS2_LEARN/build/bumperbot_localization' returned '0': CMAKE_PREFIX_PATH=${CMAKE_PREFIX_PATH}:/opt/ros/humble CONDA_PROMPT_MODIFIER=(base) /usr/bin/cmake --build /home/dika/Documents/ROS2_LEARN/build/bumperbot_localization -- -j12 -l12
[0.126s] Invoking command in '/home/dika/Documents/ROS2_LEARN/build/bumperbot_localization': CMAKE_PREFIX_PATH=${CMAKE_PREFIX_PATH}:/opt/ros/humble CONDA_PROMPT_MODIFIER=(base) /usr/bin/cmake --install /home/dika/Documents/ROS2_LEARN/build/bumperbot_localization
[0.133s] -- Install configuration: ""
[0.133s] -- Up-to-date: /home/dika/Documents/ROS2_LEARN/install/bumperbot_localization/include/include
[0.134s] -- Up-to-date: /home/dika/Documents/ROS2_LEARN/install/bumperbot_localization/include/include/odom_republisher.hpp
[0.134s] -- Up-to-date: /home/dika/Documents/ROS2_LEARN/install/bumperbot_localization/lib/bumperbot_localization/imu_republish
[0.134s] -- Up-to-date: /home/dika/Documents/ROS2_LEARN/install/bumperbot_localization/lib/bumperbot_localization/odom_republisher
[0.134s] -- Up-to-date: /home/dika/Documents/ROS2_LEARN/install/bumperbot_localization/share/bumperbot_localization/launch
[0.134s] -- Up-to-date: /home/dika/Documents/ROS2_LEARN/install/bumperbot_localization/share/bumperbot_localization/launch/test_localization.launch.py
[0.134s] -- Up-to-date: /home/dika/Documents/ROS2_LEARN/install/bumperbot_localization/share/bumperbot_localization/config
[0.134s] -- Up-to-date: /home/dika/Documents/ROS2_LEARN/install/bumperbot_localization/share/bumperbot_localization/config/ekf.yaml
[0.134s] -- Up-to-date: /home/dika/Documents/ROS2_LEARN/install/bumperbot_localization/share/ament_index/resource_index/package_run_dependencies/bumperbot_localization
[0.134s] -- Up-to-date: /home/dika/Documents/ROS2_LEARN/install/bumperbot_localization/share/ament_index/resource_index/parent_prefix_path/bumperbot_localization
[0.134s] -- Up-to-date: /home/dika/Documents/ROS2_LEARN/install/bumperbot_localization/share/bumperbot_localization/environment/ament_prefix_path.sh
[0.134s] -- Up-to-date: /home/dika/Documents/ROS2_LEARN/install/bumperbot_localization/share/bumperbot_localization/environment/ament_prefix_path.dsv
[0.134s] -- Up-to-date: /home/dika/Documents/ROS2_LEARN/install/bumperbot_localization/share/bumperbot_localization/environment/path.sh
[0.134s] -- Up-to-date: /home/dika/Documents/ROS2_LEARN/install/bumperbot_localization/share/bumperbot_localization/environment/path.dsv
[0.134s] -- Up-to-date: /home/dika/Documents/ROS2_LEARN/install/bumperbot_localization/share/bumperbot_localization/local_setup.bash
[0.134s] -- Up-to-date: /home/dika/Documents/ROS2_LEARN/install/bumperbot_localization/share/bumperbot_localization/local_setup.sh
[0.134s] -- Up-to-date: /home/dika/Documents/ROS2_LEARN/install/bumperbot_localization/share/bumperbot_localization/local_setup.zsh
[0.134s] -- Up-to-date: /home/dika/Documents/ROS2_LEARN/install/bumperbot_localization/share/bumperbot_localization/local_setup.dsv
[0.134s] -- Installing: /home/dika/Documents/ROS2_LEARN/install/bumperbot_localization/share/bumperbot_localization/package.dsv
[0.134s] -- Up-to-date: /home/dika/Documents/ROS2_LEARN/install/bumperbot_localization/share/ament_index/resource_index/packages/bumperbot_localization
[0.134s] -- Up-to-date: /home/dika/Documents/ROS2_LEARN/install/bumperbot_localization/share/bumperbot_localization/cmake/bumperbot_localizationConfig.cmake
[0.134s] -- Up-to-date: /home/dika/Documents/ROS2_LEARN/install/bumperbot_localization/share/bumperbot_localization/cmake/bumperbot_localizationConfig-version.cmake
[0.134s] -- Up-to-date: /home/dika/Documents/ROS2_LEARN/install/bumperbot_localization/share/bumperbot_localization/package.xml
[0.149s] Invoked command in '/home/dika/Documents/ROS2_LEARN/build/bumperbot_localization' returned '0': CMAKE_PREFIX_PATH=${CMAKE_PREFIX_PATH}:/opt/ros/humble CONDA_PROMPT_MODIFIER=(base) /usr/bin/cmake --install /home/dika/Documents/ROS2_LEARN/build/bumperbot_localization
