[0.013s] Invoking command in '/home/dika/Documents/ROS2_LEARN/build/ros2_cpp_example': CMAKE_PREFIX_PATH=${CMAKE_PREFIX_PATH}:/opt/ros/humble CONDA_PROMPT_MODIFIER=(base) /usr/bin/cmake /home/dika/Documents/ROS2_LEARN/src/ros2_cpp_example -DCMAKE_INSTALL_PREFIX=/home/dika/Documents/ROS2_LEARN/install/ros2_cpp_example
[0.091s] -- The C compiler identification is GNU 11.4.0
[0.158s] -- The CXX compiler identification is GNU 11.4.0
[0.167s] -- Detecting C compiler ABI info
[0.226s] -- Detecting C compiler ABI info - done
[0.233s] -- Check for working C compiler: /usr/bin/cc - skipped
[0.233s] -- Detecting C compile features
[0.234s] -- Detecting C compile features - done
[0.236s] -- Detecting CXX compiler ABI info
[0.307s] -- Detecting CXX compiler ABI info - done
[0.315s] -- Check for working CXX compiler: /usr/bin/c++ - skipped
[0.315s] -- Detecting CXX compile features
[0.315s] -- Detecting CXX compile features - done
[0.317s] -- Found ament_cmake: 1.3.11 (/opt/ros/humble/share/ament_cmake/cmake)
[0.661s] -- Found Python3: /home/dika/miniconda3/bin/python3 (found version "3.12.9") found components: Interpreter 
[0.780s] -- Found rclcpp: 16.0.12 (/opt/ros/humble/share/rclcpp/cmake)
[0.811s] -- Found rosidl_generator_c: 3.1.6 (/opt/ros/humble/share/rosidl_generator_c/cmake)
[0.815s] -- Found rosidl_adapter: 3.1.6 (/opt/ros/humble/share/rosidl_adapter/cmake)
[0.826s] -- Found rosidl_generator_cpp: 3.1.6 (/opt/ros/humble/share/rosidl_generator_cpp/cmake)
[0.839s] -- Using all available rosidl_typesupport_c: rosidl_typesupport_fastrtps_c;rosidl_typesupport_introspection_c
[0.854s] -- Using all available rosidl_typesupport_cpp: rosidl_typesupport_fastrtps_cpp;rosidl_typesupport_introspection_cpp
[0.897s] -- Found rmw_implementation_cmake: 6.1.2 (/opt/ros/humble/share/rmw_implementation_cmake/cmake)
[0.899s] -- Found rmw_fastrtps_cpp: 6.2.7 (/opt/ros/humble/share/rmw_fastrtps_cpp/cmake)
[0.972s] -- Found OpenSSL: /usr/lib/x86_64-linux-gnu/libcrypto.so (found version "3.0.2")  
[0.993s] -- Found FastRTPS: /opt/ros/humble/include  
[1.015s] -- Using RMW implementation 'rmw_fastrtps_cpp' as default
[1.026s] -- Looking for pthread.h
[1.101s] -- Looking for pthread.h - found
[1.101s] -- Performing Test CMAKE_HAVE_LIBC_PTHREAD
[1.165s] -- Performing Test CMAKE_HAVE_LIBC_PTHREAD - Success
[1.166s] -- Found Threads: TRUE  
[1.211s] -- Found turtlesim: 1.4.2 (/opt/ros/humble/share/turtlesim/cmake)
[1.249s] -- Found geometry_msgs: 4.8.0 (/opt/ros/humble/share/geometry_msgs/cmake)
[1.260s] -- Found tf2: 0.25.12 (/opt/ros/humble/share/tf2/cmake)
[1.271s] -- Found tf2_ros: 0.25.12 (/opt/ros/humble/share/tf2_ros/cmake)
[1.338s] -- Found ament_lint_auto: 0.12.12 (/opt/ros/humble/share/ament_lint_auto/cmake)
[1.423s] -- Added test 'cppcheck' to perform static code analysis on C / C++ code
[1.423s] -- Configured cppcheck include dirs: /home/dika/Documents/ROS2_LEARN/src/ros2_cpp_example/include
[1.423s] -- Configured cppcheck exclude dirs and/or files: 
[1.424s] -- Added test 'lint_cmake' to check CMake code style
[1.424s] -- Added test 'uncrustify' to check C / C++ code style
[1.424s] -- Configured uncrustify additional arguments: 
[1.425s] -- Added test 'xmllint' to check XML markup files
[1.426s] -- Configuring done
[1.434s] -- Generating done
[1.436s] -- Build files have been written to: /home/dika/Documents/ROS2_LEARN/build/ros2_cpp_example
[1.446s] Invoked command in '/home/dika/Documents/ROS2_LEARN/build/ros2_cpp_example' returned '0': CMAKE_PREFIX_PATH=${CMAKE_PREFIX_PATH}:/opt/ros/humble CONDA_PROMPT_MODIFIER=(base) /usr/bin/cmake /home/dika/Documents/ROS2_LEARN/src/ros2_cpp_example -DCMAKE_INSTALL_PREFIX=/home/dika/Documents/ROS2_LEARN/install/ros2_cpp_example
[1.447s] Invoking command in '/home/dika/Documents/ROS2_LEARN/build/ros2_cpp_example': CMAKE_PREFIX_PATH=${CMAKE_PREFIX_PATH}:/opt/ros/humble CONDA_PROMPT_MODIFIER=(base) /usr/bin/cmake --build /home/dika/Documents/ROS2_LEARN/build/ros2_cpp_example -- -j12 -l12
[1.488s] [ 50%] [32mBuilding CXX object CMakeFiles/example_tf2_bumperbot.dir/src/example_tf_bumperbot.cpp.o[0m
[4.860s] [100%] [32m[1mLinking CXX executable example_tf2_bumperbot[0m
[5.045s] [100%] Built target example_tf2_bumperbot
[5.056s] Invoked command in '/home/dika/Documents/ROS2_LEARN/build/ros2_cpp_example' returned '0': CMAKE_PREFIX_PATH=${CMAKE_PREFIX_PATH}:/opt/ros/humble CONDA_PROMPT_MODIFIER=(base) /usr/bin/cmake --build /home/dika/Documents/ROS2_LEARN/build/ros2_cpp_example -- -j12 -l12
[5.057s] Invoking command in '/home/dika/Documents/ROS2_LEARN/build/ros2_cpp_example': CMAKE_PREFIX_PATH=${CMAKE_PREFIX_PATH}:/opt/ros/humble CONDA_PROMPT_MODIFIER=(base) /usr/bin/cmake --install /home/dika/Documents/ROS2_LEARN/build/ros2_cpp_example
[5.066s] -- Install configuration: ""
[5.066s] -- Installing: /home/dika/Documents/ROS2_LEARN/install/ros2_cpp_example/include/include
[5.066s] -- Installing: /home/dika/Documents/ROS2_LEARN/install/ros2_cpp_example/include/include/example_tf_bumperbot.hpp
[5.066s] -- Installing: /home/dika/Documents/ROS2_LEARN/install/ros2_cpp_example/lib/ros2_cpp_example/example_tf2_bumperbot
[5.066s] -- Set runtime path of "/home/dika/Documents/ROS2_LEARN/install/ros2_cpp_example/lib/ros2_cpp_example/example_tf2_bumperbot" to ""
[5.067s] -- Installing: /home/dika/Documents/ROS2_LEARN/install/ros2_cpp_example/share/ament_index/resource_index/package_run_dependencies/ros2_cpp_example
[5.067s] -- Installing: /home/dika/Documents/ROS2_LEARN/install/ros2_cpp_example/share/ament_index/resource_index/parent_prefix_path/ros2_cpp_example
[5.067s] -- Installing: /home/dika/Documents/ROS2_LEARN/install/ros2_cpp_example/share/ros2_cpp_example/environment/ament_prefix_path.sh
[5.067s] -- Installing: /home/dika/Documents/ROS2_LEARN/install/ros2_cpp_example/share/ros2_cpp_example/environment/ament_prefix_path.dsv
[5.067s] -- Installing: /home/dika/Documents/ROS2_LEARN/install/ros2_cpp_example/share/ros2_cpp_example/environment/path.sh
[5.067s] -- Installing: /home/dika/Documents/ROS2_LEARN/install/ros2_cpp_example/share/ros2_cpp_example/environment/path.dsv
[5.067s] -- Installing: /home/dika/Documents/ROS2_LEARN/install/ros2_cpp_example/share/ros2_cpp_example/local_setup.bash
[5.067s] -- Installing: /home/dika/Documents/ROS2_LEARN/install/ros2_cpp_example/share/ros2_cpp_example/local_setup.sh
[5.067s] -- Installing: /home/dika/Documents/ROS2_LEARN/install/ros2_cpp_example/share/ros2_cpp_example/local_setup.zsh
[5.067s] -- Installing: /home/dika/Documents/ROS2_LEARN/install/ros2_cpp_example/share/ros2_cpp_example/local_setup.dsv
[5.068s] -- Installing: /home/dika/Documents/ROS2_LEARN/install/ros2_cpp_example/share/ros2_cpp_example/package.dsv
[5.068s] -- Installing: /home/dika/Documents/ROS2_LEARN/install/ros2_cpp_example/share/ament_index/resource_index/packages/ros2_cpp_example
[5.068s] -- Installing: /home/dika/Documents/ROS2_LEARN/install/ros2_cpp_example/share/ros2_cpp_example/cmake/ros2_cpp_exampleConfig.cmake
[5.068s] -- Installing: /home/dika/Documents/ROS2_LEARN/install/ros2_cpp_example/share/ros2_cpp_example/cmake/ros2_cpp_exampleConfig-version.cmake
[5.068s] -- Installing: /home/dika/Documents/ROS2_LEARN/install/ros2_cpp_example/share/ros2_cpp_example/package.xml
[5.069s] Invoked command in '/home/dika/Documents/ROS2_LEARN/build/ros2_cpp_example' returned '0': CMAKE_PREFIX_PATH=${CMAKE_PREFIX_PATH}:/opt/ros/humble CONDA_PROMPT_MODIFIER=(base) /usr/bin/cmake --install /home/dika/Documents/ROS2_LEARN/build/ros2_cpp_example
