-- The C compiler identification is GNU 11.4.0
-- The CXX compiler identification is GNU 11.4.0
-- Detecting C compiler ABI info
-- Detecting C compiler ABI info - done
-- Check for working C compiler: /usr/bin/cc - skipped
-- Detecting C compile features
-- Detecting C compile features - done
-- Detecting CXX compiler ABI info
-- Detecting CXX compiler ABI info - done
-- Check for working CXX compiler: /usr/bin/c++ - skipped
-- Detecting CXX compile features
-- Detecting CXX compile features - done
-- Found ament_cmake: 1.3.11 (/opt/ros/humble/share/ament_cmake/cmake)
-- Found Python3: /home/dika/miniconda3/bin/python3 (found version "3.12.9") found components: Interpreter 
-- Found rclcpp: 16.0.12 (/opt/ros/humble/share/rclcpp/cmake)
-- Found rosidl_generator_c: 3.1.6 (/opt/ros/humble/share/rosidl_generator_c/cmake)
-- Found rosidl_adapter: 3.1.6 (/opt/ros/humble/share/rosidl_adapter/cmake)
-- Found rosidl_generator_cpp: 3.1.6 (/opt/ros/humble/share/rosidl_generator_cpp/cmake)
-- Using all available rosidl_typesupport_c: rosidl_typesupport_fastrtps_c;rosidl_typesupport_introspection_c
-- Using all available rosidl_typesupport_cpp: rosidl_typesupport_fastrtps_cpp;rosidl_typesupport_introspection_cpp
-- Found rmw_implementation_cmake: 6.1.2 (/opt/ros/humble/share/rmw_implementation_cmake/cmake)
-- Found rmw_fastrtps_cpp: 6.2.7 (/opt/ros/humble/share/rmw_fastrtps_cpp/cmake)
-- Found OpenSSL: /usr/lib/x86_64-linux-gnu/libcrypto.so (found version "3.0.2")  
-- Found FastRTPS: /opt/ros/humble/include  
-- Using RMW implementation 'rmw_fastrtps_cpp' as default
-- Looking for pthread.h
-- Looking for pthread.h - found
-- Performing Test CMAKE_HAVE_LIBC_PTHREAD
-- Performing Test CMAKE_HAVE_LIBC_PTHREAD - Success
-- Found Threads: TRUE  
-- Found rclpy: 3.3.16 (/opt/ros/humble/share/rclpy/cmake)
-- Found geometry_msgs: 4.8.0 (/opt/ros/humble/share/geometry_msgs/cmake)
-- Configuring done
-- Generating done
-- Build files have been written to: /home/dika/Documents/ROS2_LEARN/build/bumperbot_controller
[ 50%] [32mBuilding CXX object CMakeFiles/bumperbot_controller.dir/src/diff_kinematic.cpp.o[0m
[100%] [32m[1mLinking CXX executable bumperbot_controller[0m
[100%] Built target bumperbot_controller
-- Install configuration: ""
-- Installing: /home/dika/Documents/ROS2_LEARN/install/bumperbot_controller/include/include
-- Installing: /home/dika/Documents/ROS2_LEARN/install/bumperbot_controller/include/include/dif_kinematic.hpp
-- Installing: /home/dika/Documents/ROS2_LEARN/install/bumperbot_controller/lib/bumperbot_controller/bumperbot_controller
-- Set runtime path of "/home/dika/Documents/ROS2_LEARN/install/bumperbot_controller/lib/bumperbot_controller/bumperbot_controller" to ""
-- Installing: /home/dika/Documents/ROS2_LEARN/install/bumperbot_controller/share/bumperbot_controller/launch
-- Installing: /home/dika/Documents/ROS2_LEARN/install/bumperbot_controller/share/bumperbot_controller/launch/keytwist.launch.py
-- Installing: /home/dika/Documents/ROS2_LEARN/install/bumperbot_controller/share/bumperbot_controller/launch/controller.launch.py
-- Installing: /home/dika/Documents/ROS2_LEARN/install/bumperbot_controller/share/bumperbot_controller/launch/joystick.launch.py
-- Installing: /home/dika/Documents/ROS2_LEARN/install/bumperbot_controller/share/bumperbot_controller/config
-- Installing: /home/dika/Documents/ROS2_LEARN/install/bumperbot_controller/share/bumperbot_controller/config/joystick.yaml
-- Installing: /home/dika/Documents/ROS2_LEARN/install/bumperbot_controller/share/bumperbot_controller/config/ros2_control.yaml
-- Installing: /home/dika/Documents/ROS2_LEARN/install/bumperbot_controller/share/ament_index/resource_index/package_run_dependencies/bumperbot_controller
-- Installing: /home/dika/Documents/ROS2_LEARN/install/bumperbot_controller/share/ament_index/resource_index/parent_prefix_path/bumperbot_controller
-- Installing: /home/dika/Documents/ROS2_LEARN/install/bumperbot_controller/share/bumperbot_controller/environment/ament_prefix_path.sh
-- Installing: /home/dika/Documents/ROS2_LEARN/install/bumperbot_controller/share/bumperbot_controller/environment/ament_prefix_path.dsv
-- Installing: /home/dika/Documents/ROS2_LEARN/install/bumperbot_controller/share/bumperbot_controller/environment/path.sh
-- Installing: /home/dika/Documents/ROS2_LEARN/install/bumperbot_controller/share/bumperbot_controller/environment/path.dsv
-- Installing: /home/dika/Documents/ROS2_LEARN/install/bumperbot_controller/share/bumperbot_controller/local_setup.bash
-- Installing: /home/dika/Documents/ROS2_LEARN/install/bumperbot_controller/share/bumperbot_controller/local_setup.sh
-- Installing: /home/dika/Documents/ROS2_LEARN/install/bumperbot_controller/share/bumperbot_controller/local_setup.zsh
-- Installing: /home/dika/Documents/ROS2_LEARN/install/bumperbot_controller/share/bumperbot_controller/local_setup.dsv
-- Installing: /home/dika/Documents/ROS2_LEARN/install/bumperbot_controller/share/bumperbot_controller/package.dsv
-- Installing: /home/dika/Documents/ROS2_LEARN/install/bumperbot_controller/share/ament_index/resource_index/packages/bumperbot_controller
-- Installing: /home/dika/Documents/ROS2_LEARN/install/bumperbot_controller/share/bumperbot_controller/cmake/bumperbot_controllerConfig.cmake
-- Installing: /home/dika/Documents/ROS2_LEARN/install/bumperbot_controller/share/bumperbot_controller/cmake/bumperbot_controllerConfig-version.cmake
-- Installing: /home/dika/Documents/ROS2_LEARN/install/bumperbot_controller/share/bumperbot_controller/package.xml
