[0.014s] Invoking command in '/home/dika/Documents/ROS2_LEARN/build/bumperbot_controller': CMAKE_PREFIX_PATH=${CMAKE_PREFIX_PATH}:/opt/ros/humble CONDA_PROMPT_MODIFIER=(base) /usr/bin/cmake /home/dika/Documents/ROS2_LEARN/src/bumperbot_controller -DCMAKE_INSTALL_PREFIX=/home/dika/Documents/ROS2_LEARN/install/bumperbot_controller
[0.103s] -- The C compiler identification is GNU 11.4.0
[0.170s] -- The CXX compiler identification is GNU 11.4.0
[0.176s] -- Detecting C compiler ABI info
[0.231s] -- Detecting C compiler ABI info - done
[0.237s] -- Check for working C compiler: /usr/bin/cc - skipped
[0.239s] -- Detecting C compile features
[0.239s] -- Detecting C compile features - done
[0.243s] -- Detecting CXX compiler ABI info
[0.306s] -- Detecting CXX compiler ABI info - done
[0.315s] -- Check for working CXX compiler: /usr/bin/c++ - skipped
[0.316s] -- Detecting CXX compile features
[0.316s] -- Detecting CXX compile features - done
[0.321s] -- Found ament_cmake: 1.3.11 (/opt/ros/humble/share/ament_cmake/cmake)
[0.668s] -- Found Python3: /home/dika/miniconda3/bin/python3 (found version "3.12.9") found components: Interpreter 
[0.778s] -- Found rclcpp: 16.0.12 (/opt/ros/humble/share/rclcpp/cmake)
[0.817s] -- Found rosidl_generator_c: 3.1.6 (/opt/ros/humble/share/rosidl_generator_c/cmake)
[0.823s] -- Found rosidl_adapter: 3.1.6 (/opt/ros/humble/share/rosidl_adapter/cmake)
[0.834s] -- Found rosidl_generator_cpp: 3.1.6 (/opt/ros/humble/share/rosidl_generator_cpp/cmake)
[0.849s] -- Using all available rosidl_typesupport_c: rosidl_typesupport_fastrtps_c;rosidl_typesupport_introspection_c
[0.865s] -- Using all available rosidl_typesupport_cpp: rosidl_typesupport_fastrtps_cpp;rosidl_typesupport_introspection_cpp
[0.905s] -- Found rmw_implementation_cmake: 6.1.2 (/opt/ros/humble/share/rmw_implementation_cmake/cmake)
[0.908s] -- Found rmw_fastrtps_cpp: 6.2.7 (/opt/ros/humble/share/rmw_fastrtps_cpp/cmake)
[0.988s] -- Found OpenSSL: /usr/lib/x86_64-linux-gnu/libcrypto.so (found version "3.0.2")  
[1.006s] -- Found FastRTPS: /opt/ros/humble/include  
[1.030s] -- Using RMW implementation 'rmw_fastrtps_cpp' as default
[1.042s] -- Looking for pthread.h
[1.111s] -- Looking for pthread.h - found
[1.111s] -- Performing Test CMAKE_HAVE_LIBC_PTHREAD
[1.175s] -- Performing Test CMAKE_HAVE_LIBC_PTHREAD - Success
[1.176s] -- Found Threads: TRUE  
[1.220s] -- Found rclpy: 3.3.16 (/opt/ros/humble/share/rclpy/cmake)
[1.221s] -- Found geometry_msgs: 4.8.0 (/opt/ros/humble/share/geometry_msgs/cmake)
[1.312s] -- Configuring done
[1.318s] -- Generating done
[1.321s] -- Build files have been written to: /home/dika/Documents/ROS2_LEARN/build/bumperbot_controller
[1.329s] Invoked command in '/home/dika/Documents/ROS2_LEARN/build/bumperbot_controller' returned '0': CMAKE_PREFIX_PATH=${CMAKE_PREFIX_PATH}:/opt/ros/humble CONDA_PROMPT_MODIFIER=(base) /usr/bin/cmake /home/dika/Documents/ROS2_LEARN/src/bumperbot_controller -DCMAKE_INSTALL_PREFIX=/home/dika/Documents/ROS2_LEARN/install/bumperbot_controller
[1.330s] Invoking command in '/home/dika/Documents/ROS2_LEARN/build/bumperbot_controller': CMAKE_PREFIX_PATH=${CMAKE_PREFIX_PATH}:/opt/ros/humble CONDA_PROMPT_MODIFIER=(base) /usr/bin/cmake --build /home/dika/Documents/ROS2_LEARN/build/bumperbot_controller -- -j12 -l12
[1.369s] [ 50%] [32mBuilding CXX object CMakeFiles/bumperbot_controller.dir/src/diff_kinematic.cpp.o[0m
[9.736s] [100%] [32m[1mLinking CXX executable bumperbot_controller[0m
[10.084s] [100%] Built target bumperbot_controller
[10.092s] Invoked command in '/home/dika/Documents/ROS2_LEARN/build/bumperbot_controller' returned '0': CMAKE_PREFIX_PATH=${CMAKE_PREFIX_PATH}:/opt/ros/humble CONDA_PROMPT_MODIFIER=(base) /usr/bin/cmake --build /home/dika/Documents/ROS2_LEARN/build/bumperbot_controller -- -j12 -l12
[10.093s] Invoking command in '/home/dika/Documents/ROS2_LEARN/build/bumperbot_controller': CMAKE_PREFIX_PATH=${CMAKE_PREFIX_PATH}:/opt/ros/humble CONDA_PROMPT_MODIFIER=(base) /usr/bin/cmake --install /home/dika/Documents/ROS2_LEARN/build/bumperbot_controller
[10.100s] -- Install configuration: ""
[10.100s] -- Installing: /home/dika/Documents/ROS2_LEARN/install/bumperbot_controller/include/include
[10.100s] -- Installing: /home/dika/Documents/ROS2_LEARN/install/bumperbot_controller/include/include/dif_kinematic.hpp
[10.100s] -- Installing: /home/dika/Documents/ROS2_LEARN/install/bumperbot_controller/lib/bumperbot_controller/bumperbot_controller
[10.103s] -- Set runtime path of "/home/dika/Documents/ROS2_LEARN/install/bumperbot_controller/lib/bumperbot_controller/bumperbot_controller" to ""
[10.103s] -- Installing: /home/dika/Documents/ROS2_LEARN/install/bumperbot_controller/share/bumperbot_controller/launch
[10.103s] -- Installing: /home/dika/Documents/ROS2_LEARN/install/bumperbot_controller/share/bumperbot_controller/launch/keytwist.launch.py
[10.103s] -- Installing: /home/dika/Documents/ROS2_LEARN/install/bumperbot_controller/share/bumperbot_controller/launch/controller.launch.py
[10.103s] -- Installing: /home/dika/Documents/ROS2_LEARN/install/bumperbot_controller/share/bumperbot_controller/launch/joystick.launch.py
[10.103s] -- Installing: /home/dika/Documents/ROS2_LEARN/install/bumperbot_controller/share/bumperbot_controller/config
[10.103s] -- Installing: /home/dika/Documents/ROS2_LEARN/install/bumperbot_controller/share/bumperbot_controller/config/joystick.yaml
[10.103s] -- Installing: /home/dika/Documents/ROS2_LEARN/install/bumperbot_controller/share/bumperbot_controller/config/ros2_control.yaml
[10.103s] -- Installing: /home/dika/Documents/ROS2_LEARN/install/bumperbot_controller/share/ament_index/resource_index/package_run_dependencies/bumperbot_controller
[10.104s] -- Installing: /home/dika/Documents/ROS2_LEARN/install/bumperbot_controller/share/ament_index/resource_index/parent_prefix_path/bumperbot_controller
[10.104s] -- Installing: /home/dika/Documents/ROS2_LEARN/install/bumperbot_controller/share/bumperbot_controller/environment/ament_prefix_path.sh
[10.104s] -- Installing: /home/dika/Documents/ROS2_LEARN/install/bumperbot_controller/share/bumperbot_controller/environment/ament_prefix_path.dsv
[10.104s] -- Installing: /home/dika/Documents/ROS2_LEARN/install/bumperbot_controller/share/bumperbot_controller/environment/path.sh
[10.104s] -- Installing: /home/dika/Documents/ROS2_LEARN/install/bumperbot_controller/share/bumperbot_controller/environment/path.dsv
[10.104s] -- Installing: /home/dika/Documents/ROS2_LEARN/install/bumperbot_controller/share/bumperbot_controller/local_setup.bash
[10.104s] -- Installing: /home/dika/Documents/ROS2_LEARN/install/bumperbot_controller/share/bumperbot_controller/local_setup.sh
[10.104s] -- Installing: /home/dika/Documents/ROS2_LEARN/install/bumperbot_controller/share/bumperbot_controller/local_setup.zsh
[10.104s] -- Installing: /home/dika/Documents/ROS2_LEARN/install/bumperbot_controller/share/bumperbot_controller/local_setup.dsv
[10.104s] -- Installing: /home/dika/Documents/ROS2_LEARN/install/bumperbot_controller/share/bumperbot_controller/package.dsv
[10.104s] -- Installing: /home/dika/Documents/ROS2_LEARN/install/bumperbot_controller/share/ament_index/resource_index/packages/bumperbot_controller
[10.104s] -- Installing: /home/dika/Documents/ROS2_LEARN/install/bumperbot_controller/share/bumperbot_controller/cmake/bumperbot_controllerConfig.cmake
[10.104s] -- Installing: /home/dika/Documents/ROS2_LEARN/install/bumperbot_controller/share/bumperbot_controller/cmake/bumperbot_controllerConfig-version.cmake
[10.104s] -- Installing: /home/dika/Documents/ROS2_LEARN/install/bumperbot_controller/share/bumperbot_controller/package.xml
[10.106s] Invoked command in '/home/dika/Documents/ROS2_LEARN/build/bumperbot_controller' returned '0': CMAKE_PREFIX_PATH=${CMAKE_PREFIX_PATH}:/opt/ros/humble CONDA_PROMPT_MODIFIER=(base) /usr/bin/cmake --install /home/dika/Documents/ROS2_LEARN/build/bumperbot_controller
